SF:Z:\Software\repos\doip-definitions\src\doip_header.rs
FN:112,_RNvNtNtCskpRalLIZgz5_16doip_definitions11doip_header5testss_19test_try_from_bytes
FN:129,_RNvNtNtCskpRalLIZgz5_16doip_definitions11doip_header5testss_35test_try_from_bytes_fail_validation
FN:141,_RNvNtNtCskpRalLIZgz5_16doip_definitions11doip_header5testss_37test_try_from_bytes_fail_payload_type
FN:150,_RNvNtNtCskpRalLIZgz5_16doip_definitions11doip_header5testss_41test_try_from_bytes_fail_protocol_version
FN:159,_RNvNtNtCskpRalLIZgz5_16doip_definitions11doip_header5testss_16test_from_header
FN:41,_RNvXNtCskpRalLIZgz5_16doip_definitions11doip_headerAhj8_INtNtCscuoSGdwqc8b_4core7convert4FromNtB2_10DoipHeaderE4from
FN:68,_RNvXs_NtCskpRalLIZgz5_16doip_definitions11doip_headerNtB4_10DoipHeaderINtNtCscuoSGdwqc8b_4core7convert7TryFromAhj8_E8try_from
FNDA:1,_RNvNtNtCskpRalLIZgz5_16doip_definitions11doip_header5testss_19test_try_from_bytes
FNDA:1,_RNvNtNtCskpRalLIZgz5_16doip_definitions11doip_header5testss_35test_try_from_bytes_fail_validation
FNDA:1,_RNvNtNtCskpRalLIZgz5_16doip_definitions11doip_header5testss_37test_try_from_bytes_fail_payload_type
FNDA:1,_RNvNtNtCskpRalLIZgz5_16doip_definitions11doip_header5testss_41test_try_from_bytes_fail_protocol_version
FNDA:1,_RNvNtNtCskpRalLIZgz5_16doip_definitions11doip_header5testss_16test_from_header
FNDA:1,_RNvXNtCskpRalLIZgz5_16doip_definitions11doip_headerAhj8_INtNtCscuoSGdwqc8b_4core7convert4FromNtB2_10DoipHeaderE4from
FNDA:4,_RNvXs_NtCskpRalLIZgz5_16doip_definitions11doip_headerNtB4_10DoipHeaderINtNtCscuoSGdwqc8b_4core7convert7TryFromAhj8_E8try_from
FNF:7
FNH:7
DA:41,1
DA:42,1
DA:43,1
DA:44,1
DA:45,1
DA:46,1
DA:47,1
DA:48,1
DA:49,1
DA:50,1
DA:51,1
DA:52,1
DA:53,1
DA:54,1
DA:55,1
DA:56,1
DA:57,1
DA:58,1
DA:59,1
DA:60,1
DA:61,1
DA:62,1
DA:68,4
DA:69,4
DA:70,4
DA:71,4
DA:72,4
DA:74,4
DA:76,2
DA:77,3
DA:78,2
DA:80,1
DA:83,2
DA:84,2
DA:86,2
DA:88,1
DA:89,1
DA:90,1
DA:91,1
DA:92,1
DA:93,1
DA:94,1
DA:95,1
DA:96,1
DA:97,1
DA:98,1
DA:99,4
DA:112,1
DA:113,1
DA:114,1
DA:115,1
DA:116,1
DA:117,1
DA:118,1
DA:119,1
DA:120,1
DA:121,1
DA:122,1
DA:123,1
DA:124,1
DA:125,1
DA:126,1
DA:129,1
DA:130,1
DA:131,1
DA:132,1
DA:133,1
DA:134,1
DA:135,1
DA:136,1
DA:137,1
DA:138,1
DA:141,1
DA:142,1
DA:143,1
DA:144,1
DA:145,1
DA:146,1
DA:147,1
DA:150,1
DA:151,1
DA:152,1
DA:153,1
DA:154,1
DA:155,1
DA:156,1
DA:159,1
DA:160,1
DA:161,1
DA:162,1
DA:163,1
DA:164,1
DA:165,1
DA:166,1
DA:167,1
DA:168,1
DA:169,1
DA:170,1
BRF:0
BRH:0
LF:98
LH:98
end_of_record
SF:Z:\Software\repos\doip-definitions\src\doip_header\payload_type.rs
FN:68,_RNvXNtNtCskpRalLIZgz5_16doip_definitions11doip_header12payload_typeAhj2_INtNtCscuoSGdwqc8b_4core7convert4FromNtB2_11PayloadTypeE4from
FN:76,_RNvXs_NtNtCskpRalLIZgz5_16doip_definitions11doip_header12payload_typeNtB4_11PayloadTypeINtNtCscuoSGdwqc8b_4core7convert7TryFromAhj2_E8try_from
FN:116,_RNvNtNtNtCskpRalLIZgz5_16doip_definitions11doip_header12payload_type5testss_19test_try_from_bytes
FN:180,_RNvNtNtNtCskpRalLIZgz5_16doip_definitions11doip_header12payload_type5testss_17test_from_payload
FNDA:17,_RNvXNtNtCskpRalLIZgz5_16doip_definitions11doip_header12payload_typeAhj2_INtNtCscuoSGdwqc8b_4core7convert4FromNtB2_11PayloadTypeE4from
FNDA:65537,_RNvXs_NtNtCskpRalLIZgz5_16doip_definitions11doip_header12payload_typeNtB4_11PayloadTypeINtNtCscuoSGdwqc8b_4core7convert7TryFromAhj2_E8try_from
FNDA:1,_RNvNtNtNtCskpRalLIZgz5_16doip_definitions11doip_header12payload_type5testss_19test_try_from_bytes
FNDA:1,_RNvNtNtNtCskpRalLIZgz5_16doip_definitions11doip_header12payload_type5testss_17test_from_payload
FNF:4
FNH:4
DA:68,17
DA:69,17
DA:70,17
DA:76,65537
DA:77,65537
DA:78,65537
DA:79,65537
DA:80,2
DA:81,1
DA:82,1
DA:83,1
DA:84,1
DA:85,1
DA:86,1
DA:87,1
DA:88,1
DA:89,1
DA:90,1
DA:91,1
DA:92,1
DA:93,1
DA:94,1
DA:95,1
DA:96,65520
DA:98,65537
DA:116,1
DA:117,65536
DA:118,65535
DA:119,65535
DA:120,65535
DA:121,65535
DA:122,65535
DA:123,1
DA:124,1
DA:125,1
DA:126,1
DA:127,1
DA:128,1
DA:129,1
DA:130,1
DA:131,1
DA:132,1
DA:133,1
DA:134,1
DA:135,1
DA:136,1
DA:137,1
DA:138,1
DA:139,1
DA:141,1
DA:143,1
DA:144,1
DA:145,1
DA:146,1
DA:148,1
DA:151,1
DA:154,1
DA:157,1
DA:160,1
DA:163,1
DA:166,1
DA:169,1
DA:172,1
DA:174,65519
DA:177,1
DA:180,1
DA:181,1
DA:182,1
DA:183,1
DA:184,1
DA:185,1
DA:186,1
DA:187,1
DA:188,1
DA:189,1
DA:190,1
DA:191,1
DA:192,1
DA:193,1
DA:194,1
DA:195,1
DA:196,1
DA:197,1
DA:198,1
DA:199,1
DA:200,1
DA:201,1
DA:202,1
DA:203,1
DA:204,1
DA:205,1
DA:206,1
DA:207,1
DA:208,1
DA:209,1
DA:210,1
DA:211,1
DA:212,1
DA:213,1
BRF:0
BRH:0
LF:99
LH:99
end_of_record
SF:Z:\Software\repos\doip-definitions\src\doip_header\version.rs
FN:34,_RNvMNtNtCskpRalLIZgz5_16doip_definitions11doip_header7versionNtB2_15ProtocolVersion21validate_inverse_byte
FN:41,_RNvXs_NtNtCskpRalLIZgz5_16doip_definitions11doip_header7versionhINtNtCscuoSGdwqc8b_4core7convert4FromNtB4_15ProtocolVersionE4from
FN:49,_RNvXs0_NtNtCskpRalLIZgz5_16doip_definitions11doip_header7versionNtB5_15ProtocolVersionINtNtCscuoSGdwqc8b_4core7convert7TryFromhE8try_from
FN:72,_RNvNtNtNtCskpRalLIZgz5_16doip_definitions11doip_header7version5testss_19test_try_from_bytes
FN:102,_RNvNtNtNtCskpRalLIZgz5_16doip_definitions11doip_header7version5testss_17test_from_version
FN:118,_RNvNtNtNtCskpRalLIZgz5_16doip_definitions11doip_header7version5testss_26test_validate_inverse_byte
FNDA:1539,_RNvMNtNtCskpRalLIZgz5_16doip_definitions11doip_header7versionNtB2_15ProtocolVersion21validate_inverse_byte
FNDA:7,_RNvXs_NtNtCskpRalLIZgz5_16doip_definitions11doip_header7versionhINtNtCscuoSGdwqc8b_4core7convert4FromNtB4_15ProtocolVersionE4from
FNDA:260,_RNvXs0_NtNtCskpRalLIZgz5_16doip_definitions11doip_header7versionNtB5_15ProtocolVersionINtNtCscuoSGdwqc8b_4core7convert7TryFromhE8try_from
FNDA:1,_RNvNtNtNtCskpRalLIZgz5_16doip_definitions11doip_header7version5testss_19test_try_from_bytes
FNDA:1,_RNvNtNtNtCskpRalLIZgz5_16doip_definitions11doip_header7version5testss_17test_from_version
FNDA:1,_RNvNtNtNtCskpRalLIZgz5_16doip_definitions11doip_header7version5testss_26test_validate_inverse_byte
FNF:6
FNH:6
DA:34,1539
DA:35,1539
DA:36,1539
DA:37,1539
DA:41,7
DA:42,7
DA:43,7
DA:49,260
DA:50,260
DA:51,1
DA:52,1
DA:53,4
DA:54,1
DA:55,1
DA:56,1
DA:57,251
DA:59,260
DA:72,1
DA:73,257
DA:74,256
DA:75,256
DA:76,256
DA:77,1
DA:79,1
DA:82,1
DA:85,1
DA:88,1
DA:89,1
DA:90,1
DA:91,1
DA:94,1
DA:96,250
DA:99,1
DA:102,1
DA:103,1
DA:104,1
DA:105,1
DA:106,1
DA:107,1
DA:108,1
DA:109,1
DA:110,1
DA:111,1
DA:112,1
DA:113,1
DA:114,1
DA:115,1
DA:118,1
DA:119,1
DA:121,257
DA:122,256
DA:123,256
DA:124,256
DA:125,1
DA:126,255
DA:130,1
DA:132,257
DA:133,256
DA:134,256
DA:135,256
DA:136,1
DA:137,255
DA:141,1
DA:143,257
DA:144,256
DA:145,256
DA:146,256
DA:147,1
DA:148,255
DA:152,1
DA:154,257
DA:155,256
DA:156,256
DA:157,256
DA:158,1
DA:159,255
DA:163,1
DA:165,257
DA:166,256
DA:167,256
DA:168,256
DA:169,1
DA:170,255
DA:174,1
DA:176,257
DA:177,256
DA:178,256
DA:179,256
DA:180,1
DA:181,255
DA:184,1
BRF:0
BRH:0
LF:91
LH:91
end_of_record
SF:Z:\Software\repos\doip-definitions\src\doip_payload.rs
FN:118,_RNvXNtCskpRalLIZgz5_16doip_definitions12doip_payloadNtB2_11DoipPayloadINtNtCscuoSGdwqc8b_4core7convert7TryFromTRNtNtB4_11doip_header10DoipHeaderRShEE8try_from
FN:264,_RNvNtCskpRalLIZgz5_16doip_definitions12doip_payload19handle_generic_nack
FN:273,_RNvNtCskpRalLIZgz5_16doip_definitions12doip_payload37handle_vehicle_identification_request
FN:284,_RNvNtCskpRalLIZgz5_16doip_definitions12doip_payload41handle_vehicle_identification_request_eid
FN:295,_RNvNtCskpRalLIZgz5_16doip_definitions12doip_payload41handle_vehicle_identification_request_vin
FN:306,_RNvNtCskpRalLIZgz5_16doip_definitions12doip_payload35handle_vehicle_announcement_message
FN:336,_RNvNtCskpRalLIZgz5_16doip_definitions12doip_payload33handle_routing_activation_request
FN:347,_RNvNtCskpRalLIZgz5_16doip_definitions12doip_payload34handle_routing_activation_response
FN:359,_RNvNtCskpRalLIZgz5_16doip_definitions12doip_payload26handle_alive_check_request
FN:368,_RNvNtCskpRalLIZgz5_16doip_definitions12doip_payload27handle_alive_check_response
FN:377,_RNvNtCskpRalLIZgz5_16doip_definitions12doip_payload28handle_entity_status_request
FN:386,_RNvNtCskpRalLIZgz5_16doip_definitions12doip_payload29handle_entity_status_response
FN:398,_RNvNtCskpRalLIZgz5_16doip_definitions12doip_payload32handle_power_information_request
FN:407,_RNvNtCskpRalLIZgz5_16doip_definitions12doip_payload33handle_power_information_response
FN:416,_RNvNtCskpRalLIZgz5_16doip_definitions12doip_payload25handle_diagnostic_message
FN:421,_RNvNtCskpRalLIZgz5_16doip_definitions12doip_payload29handle_diagnostic_message_ack
FN:430,_RNvNtCskpRalLIZgz5_16doip_definitions12doip_payload30handle_diagnostic_message_nack
FN:267,_RNCNvNtCskpRalLIZgz5_16doip_definitions12doip_payload19handle_generic_nack0B5_
FN:278,_RNCNvNtCskpRalLIZgz5_16doip_definitions12doip_payload37handle_vehicle_identification_request0B5_
FN:289,_RNCNvNtCskpRalLIZgz5_16doip_definitions12doip_payload41handle_vehicle_identification_request_eid0B5_
FN:300,_RNCNvNtCskpRalLIZgz5_16doip_definitions12doip_payload41handle_vehicle_identification_request_vin0B5_
FN:316,_RNCNvNtCskpRalLIZgz5_16doip_definitions12doip_payload35handle_vehicle_announcement_message0B5_
FN:327,_RNCNvNtCskpRalLIZgz5_16doip_definitions12doip_payload35handle_vehicle_announcement_messages_0B5_
FN:341,_RNCNvNtCskpRalLIZgz5_16doip_definitions12doip_payload33handle_routing_activation_request0B5_
FN:353,_RNCNvNtCskpRalLIZgz5_16doip_definitions12doip_payload34handle_routing_activation_response0B5_
FN:362,_RNCNvNtCskpRalLIZgz5_16doip_definitions12doip_payload26handle_alive_check_request0B5_
FN:371,_RNCNvNtCskpRalLIZgz5_16doip_definitions12doip_payload27handle_alive_check_response0B5_
FN:380,_RNCNvNtCskpRalLIZgz5_16doip_definitions12doip_payload28handle_entity_status_request0B5_
FN:392,_RNCNvNtCskpRalLIZgz5_16doip_definitions12doip_payload29handle_entity_status_response0B5_
FN:401,_RNCNvNtCskpRalLIZgz5_16doip_definitions12doip_payload32handle_power_information_request0B5_
FN:410,_RNCNvNtCskpRalLIZgz5_16doip_definitions12doip_payload33handle_power_information_response0B5_
FN:424,_RNCNvNtCskpRalLIZgz5_16doip_definitions12doip_payload29handle_diagnostic_message_ack0B5_
FN:433,_RNCNvNtCskpRalLIZgz5_16doip_definitions12doip_payload30handle_diagnostic_message_nack0B5_
FN:473,_RNvNtNtCskpRalLIZgz5_16doip_definitions12doip_payload5testss_32test_try_from_bytes_generic_nack
FN:493,_RNvNtNtCskpRalLIZgz5_16doip_definitions12doip_payload5testss_34test_try_from_bytes_vehicle_id_req
FN:514,_RNvNtNtCskpRalLIZgz5_16doip_definitions12doip_payload5testss_38test_try_from_bytes_vehicle_id_req_eid
FN:537,_RNvNtNtCskpRalLIZgz5_16doip_definitions12doip_payload5testss_38test_try_from_bytes_vehicle_id_req_vin
FN:560,_RNvNtNtCskpRalLIZgz5_16doip_definitions12doip_payload5testss_46test_try_from_bytes_vehicle_announce_msg_short
FN:588,_RNvNtNtCskpRalLIZgz5_16doip_definitions12doip_payload5testss_45test_try_from_bytes_vehicle_announce_msg_long
FN:616,_RNvNtNtCskpRalLIZgz5_16doip_definitions12doip_payload5testss_35test_try_from_bytes_routing_act_req
FN:641,_RNvNtNtCskpRalLIZgz5_16doip_definitions12doip_payload5testss_29test_handle_generic_nack_pass
FN:649,_RNvNtNtCskpRalLIZgz5_16doip_definitions12doip_payload5testss_39test_handle_generic_nack_invalid_length
FN:657,_RNvNtNtCskpRalLIZgz5_16doip_definitions12doip_payload5testss_47test_handle_vehicle_identification_request_pass
FN:665,_RNvNtNtCskpRalLIZgz5_16doip_definitions12doip_payload5testss_57test_handle_vehicle_identification_request_invalid_length
FN:673,_RNvNtNtCskpRalLIZgz5_16doip_definitions12doip_payload5testss_51test_handle_vehicle_identification_request_eid_pass
FN:681,_RNvNtNtCskpRalLIZgz5_16doip_definitions12doip_payload5testss_61test_handle_vehicle_identification_request_eid_invalid_length
FN:689,_RNvNtNtCskpRalLIZgz5_16doip_definitions12doip_payload5testss_51test_handle_vehicle_identification_request_vin_pass
FN:697,_RNvNtNtCskpRalLIZgz5_16doip_definitions12doip_payload5testss_61test_handle_vehicle_identification_request_vin_invalid_length
FN:705,_RNvNtNtCskpRalLIZgz5_16doip_definitions12doip_payload5testss_50test_handle_vehicle_announcement_message_long_pass
FN:713,_RNvNtNtCskpRalLIZgz5_16doip_definitions12doip_payload5testss_60test_handle_vehicle_announcement_message_long_invalid_length
FN:721,_RNvNtNtCskpRalLIZgz5_16doip_definitions12doip_payload5testss_51test_handle_vehicle_announcement_message_short_pass
FN:729,_RNvNtNtCskpRalLIZgz5_16doip_definitions12doip_payload5testss_61test_handle_vehicle_announcement_message_short_invalid_length
FN:737,_RNvNtNtCskpRalLIZgz5_16doip_definitions12doip_payload5testss_43test_handle_routing_activation_request_pass
FN:751,_RNvNtNtCskpRalLIZgz5_16doip_definitions12doip_payload5testss_53test_handle_routing_activation_request_invalid_length
FN:759,_RNvNtNtCskpRalLIZgz5_16doip_definitions12doip_payload5testss_44test_handle_routing_activation_response_pass
FN:774,_RNvNtNtCskpRalLIZgz5_16doip_definitions12doip_payload5testss_54test_handle_routing_activation_response_invalid_length
FN:782,_RNvNtNtCskpRalLIZgz5_16doip_definitions12doip_payload5testss_36test_handle_alive_check_request_pass
FN:791,_RNvNtNtCskpRalLIZgz5_16doip_definitions12doip_payload5testss_46test_handle_alive_check_request_invalid_length
FN:799,_RNvNtNtCskpRalLIZgz5_16doip_definitions12doip_payload5testss_37test_handle_alive_check_response_pass
FN:811,_RNvNtNtCskpRalLIZgz5_16doip_definitions12doip_payload5testss_47test_handle_alive_check_response_invalid_length
FN:819,_RNvNtNtCskpRalLIZgz5_16doip_definitions12doip_payload5testss_38test_handle_entity_status_request_pass
FN:828,_RNvNtNtCskpRalLIZgz5_16doip_definitions12doip_payload5testss_48test_handle_entity_status_request_invalid_length
FN:836,_RNvNtNtCskpRalLIZgz5_16doip_definitions12doip_payload5testss_39test_handle_entity_status_response_pass
FN:851,_RNvNtNtCskpRalLIZgz5_16doip_definitions12doip_payload5testss_49test_handle_entity_status_response_invalid_length
FN:859,_RNvNtNtCskpRalLIZgz5_16doip_definitions12doip_payload5testss_42test_handle_power_information_request_pass
FN:868,_RNvNtNtCskpRalLIZgz5_16doip_definitions12doip_payload5testss_52test_handle_power_information_request_invalid_length
FN:876,_RNvNtNtCskpRalLIZgz5_16doip_definitions12doip_payload5testss_43test_handle_power_information_response_pass
FN:888,_RNvNtNtCskpRalLIZgz5_16doip_definitions12doip_payload5testss_53test_handle_power_information_response_invalid_length
FN:896,_RNvNtNtCskpRalLIZgz5_16doip_definitions12doip_payload5testss_35test_handle_diagnostic_message_pass
FN:911,_RNvNtNtCskpRalLIZgz5_16doip_definitions12doip_payload5testss_45test_handle_diagnostic_message_invalid_length
FN:919,_RNvNtNtCskpRalLIZgz5_16doip_definitions12doip_payload5testss_39test_handle_diagnostic_message_ack_pass
FN:936,_RNvNtNtCskpRalLIZgz5_16doip_definitions12doip_payload5testss_49test_handle_diagnostic_message_ack_invalid_length
FN:944,_RNvNtNtCskpRalLIZgz5_16doip_definitions12doip_payload5testss_40test_handle_diagnostic_message_nack_pass
FN:961,_RNvNtNtCskpRalLIZgz5_16doip_definitions12doip_payload5testss_50test_handle_diagnostic_message_nack_invalid_length
FN:155,_RNvXININtCskpRalLIZgz5_16doip_definitions12doip_payloads_0KpEAhpINtNtCscuoSGdwqc8b_4core7convert7TryFromNtB5_11DoipPayloadE8try_fromB7_
FNDA:7,_RNvXNtCskpRalLIZgz5_16doip_definitions12doip_payloadNtB2_11DoipPayloadINtNtCscuoSGdwqc8b_4core7convert7TryFromTRNtNtB4_11doip_header10DoipHeaderRShEE8try_from
FNDA:3,_RNvNtCskpRalLIZgz5_16doip_definitions12doip_payload19handle_generic_nack
FNDA:3,_RNvNtCskpRalLIZgz5_16doip_definitions12doip_payload37handle_vehicle_identification_request
FNDA:3,_RNvNtCskpRalLIZgz5_16doip_definitions12doip_payload41handle_vehicle_identification_request_eid
FNDA:3,_RNvNtCskpRalLIZgz5_16doip_definitions12doip_payload41handle_vehicle_identification_request_vin
FNDA:6,_RNvNtCskpRalLIZgz5_16doip_definitions12doip_payload35handle_vehicle_announcement_message
FNDA:3,_RNvNtCskpRalLIZgz5_16doip_definitions12doip_payload33handle_routing_activation_request
FNDA:2,_RNvNtCskpRalLIZgz5_16doip_definitions12doip_payload34handle_routing_activation_response
FNDA:2,_RNvNtCskpRalLIZgz5_16doip_definitions12doip_payload26handle_alive_check_request
FNDA:2,_RNvNtCskpRalLIZgz5_16doip_definitions12doip_payload27handle_alive_check_response
FNDA:2,_RNvNtCskpRalLIZgz5_16doip_definitions12doip_payload28handle_entity_status_request
FNDA:2,_RNvNtCskpRalLIZgz5_16doip_definitions12doip_payload29handle_entity_status_response
FNDA:2,_RNvNtCskpRalLIZgz5_16doip_definitions12doip_payload32handle_power_information_request
FNDA:2,_RNvNtCskpRalLIZgz5_16doip_definitions12doip_payload33handle_power_information_response
FNDA:2,_RNvNtCskpRalLIZgz5_16doip_definitions12doip_payload25handle_diagnostic_message
FNDA:2,_RNvNtCskpRalLIZgz5_16doip_definitions12doip_payload29handle_diagnostic_message_ack
FNDA:2,_RNvNtCskpRalLIZgz5_16doip_definitions12doip_payload30handle_diagnostic_message_nack
FNDA:1,_RNCNvNtCskpRalLIZgz5_16doip_definitions12doip_payload19handle_generic_nack0B5_
FNDA:1,_RNCNvNtCskpRalLIZgz5_16doip_definitions12doip_payload37handle_vehicle_identification_request0B5_
FNDA:1,_RNCNvNtCskpRalLIZgz5_16doip_definitions12doip_payload41handle_vehicle_identification_request_eid0B5_
FNDA:1,_RNCNvNtCskpRalLIZgz5_16doip_definitions12doip_payload41handle_vehicle_identification_request_vin0B5_
FNDA:0,_RNCNvNtCskpRalLIZgz5_16doip_definitions12doip_payload35handle_vehicle_announcement_message0B5_
FNDA:0,_RNCNvNtCskpRalLIZgz5_16doip_definitions12doip_payload35handle_vehicle_announcement_messages_0B5_
FNDA:1,_RNCNvNtCskpRalLIZgz5_16doip_definitions12doip_payload33handle_routing_activation_request0B5_
FNDA:1,_RNCNvNtCskpRalLIZgz5_16doip_definitions12doip_payload34handle_routing_activation_response0B5_
FNDA:1,_RNCNvNtCskpRalLIZgz5_16doip_definitions12doip_payload26handle_alive_check_request0B5_
FNDA:1,_RNCNvNtCskpRalLIZgz5_16doip_definitions12doip_payload27handle_alive_check_response0B5_
FNDA:1,_RNCNvNtCskpRalLIZgz5_16doip_definitions12doip_payload28handle_entity_status_request0B5_
FNDA:1,_RNCNvNtCskpRalLIZgz5_16doip_definitions12doip_payload29handle_entity_status_response0B5_
FNDA:1,_RNCNvNtCskpRalLIZgz5_16doip_definitions12doip_payload32handle_power_information_request0B5_
FNDA:1,_RNCNvNtCskpRalLIZgz5_16doip_definitions12doip_payload33handle_power_information_response0B5_
FNDA:1,_RNCNvNtCskpRalLIZgz5_16doip_definitions12doip_payload29handle_diagnostic_message_ack0B5_
FNDA:1,_RNCNvNtCskpRalLIZgz5_16doip_definitions12doip_payload30handle_diagnostic_message_nack0B5_
FNDA:1,_RNvNtNtCskpRalLIZgz5_16doip_definitions12doip_payload5testss_32test_try_from_bytes_generic_nack
FNDA:1,_RNvNtNtCskpRalLIZgz5_16doip_definitions12doip_payload5testss_34test_try_from_bytes_vehicle_id_req
FNDA:1,_RNvNtNtCskpRalLIZgz5_16doip_definitions12doip_payload5testss_38test_try_from_bytes_vehicle_id_req_eid
FNDA:1,_RNvNtNtCskpRalLIZgz5_16doip_definitions12doip_payload5testss_38test_try_from_bytes_vehicle_id_req_vin
FNDA:1,_RNvNtNtCskpRalLIZgz5_16doip_definitions12doip_payload5testss_46test_try_from_bytes_vehicle_announce_msg_short
FNDA:1,_RNvNtNtCskpRalLIZgz5_16doip_definitions12doip_payload5testss_45test_try_from_bytes_vehicle_announce_msg_long
FNDA:1,_RNvNtNtCskpRalLIZgz5_16doip_definitions12doip_payload5testss_35test_try_from_bytes_routing_act_req
FNDA:1,_RNvNtNtCskpRalLIZgz5_16doip_definitions12doip_payload5testss_29test_handle_generic_nack_pass
FNDA:1,_RNvNtNtCskpRalLIZgz5_16doip_definitions12doip_payload5testss_39test_handle_generic_nack_invalid_length
FNDA:1,_RNvNtNtCskpRalLIZgz5_16doip_definitions12doip_payload5testss_47test_handle_vehicle_identification_request_pass
FNDA:1,_RNvNtNtCskpRalLIZgz5_16doip_definitions12doip_payload5testss_57test_handle_vehicle_identification_request_invalid_length
FNDA:1,_RNvNtNtCskpRalLIZgz5_16doip_definitions12doip_payload5testss_51test_handle_vehicle_identification_request_eid_pass
FNDA:1,_RNvNtNtCskpRalLIZgz5_16doip_definitions12doip_payload5testss_61test_handle_vehicle_identification_request_eid_invalid_length
FNDA:1,_RNvNtNtCskpRalLIZgz5_16doip_definitions12doip_payload5testss_51test_handle_vehicle_identification_request_vin_pass
FNDA:1,_RNvNtNtCskpRalLIZgz5_16doip_definitions12doip_payload5testss_61test_handle_vehicle_identification_request_vin_invalid_length
FNDA:1,_RNvNtNtCskpRalLIZgz5_16doip_definitions12doip_payload5testss_50test_handle_vehicle_announcement_message_long_pass
FNDA:1,_RNvNtNtCskpRalLIZgz5_16doip_definitions12doip_payload5testss_60test_handle_vehicle_announcement_message_long_invalid_length
FNDA:1,_RNvNtNtCskpRalLIZgz5_16doip_definitions12doip_payload5testss_51test_handle_vehicle_announcement_message_short_pass
FNDA:1,_RNvNtNtCskpRalLIZgz5_16doip_definitions12doip_payload5testss_61test_handle_vehicle_announcement_message_short_invalid_length
FNDA:1,_RNvNtNtCskpRalLIZgz5_16doip_definitions12doip_payload5testss_43test_handle_routing_activation_request_pass
FNDA:1,_RNvNtNtCskpRalLIZgz5_16doip_definitions12doip_payload5testss_53test_handle_routing_activation_request_invalid_length
FNDA:1,_RNvNtNtCskpRalLIZgz5_16doip_definitions12doip_payload5testss_44test_handle_routing_activation_response_pass
FNDA:1,_RNvNtNtCskpRalLIZgz5_16doip_definitions12doip_payload5testss_54test_handle_routing_activation_response_invalid_length
FNDA:1,_RNvNtNtCskpRalLIZgz5_16doip_definitions12doip_payload5testss_36test_handle_alive_check_request_pass
FNDA:1,_RNvNtNtCskpRalLIZgz5_16doip_definitions12doip_payload5testss_46test_handle_alive_check_request_invalid_length
FNDA:1,_RNvNtNtCskpRalLIZgz5_16doip_definitions12doip_payload5testss_37test_handle_alive_check_response_pass
FNDA:1,_RNvNtNtCskpRalLIZgz5_16doip_definitions12doip_payload5testss_47test_handle_alive_check_response_invalid_length
FNDA:1,_RNvNtNtCskpRalLIZgz5_16doip_definitions12doip_payload5testss_38test_handle_entity_status_request_pass
FNDA:1,_RNvNtNtCskpRalLIZgz5_16doip_definitions12doip_payload5testss_48test_handle_entity_status_request_invalid_length
FNDA:1,_RNvNtNtCskpRalLIZgz5_16doip_definitions12doip_payload5testss_39test_handle_entity_status_response_pass
FNDA:1,_RNvNtNtCskpRalLIZgz5_16doip_definitions12doip_payload5testss_49test_handle_entity_status_response_invalid_length
FNDA:1,_RNvNtNtCskpRalLIZgz5_16doip_definitions12doip_payload5testss_42test_handle_power_information_request_pass
FNDA:1,_RNvNtNtCskpRalLIZgz5_16doip_definitions12doip_payload5testss_52test_handle_power_information_request_invalid_length
FNDA:1,_RNvNtNtCskpRalLIZgz5_16doip_definitions12doip_payload5testss_43test_handle_power_information_response_pass
FNDA:1,_RNvNtNtCskpRalLIZgz5_16doip_definitions12doip_payload5testss_53test_handle_power_information_response_invalid_length
FNDA:1,_RNvNtNtCskpRalLIZgz5_16doip_definitions12doip_payload5testss_35test_handle_diagnostic_message_pass
FNDA:1,_RNvNtNtCskpRalLIZgz5_16doip_definitions12doip_payload5testss_45test_handle_diagnostic_message_invalid_length
FNDA:1,_RNvNtNtCskpRalLIZgz5_16doip_definitions12doip_payload5testss_39test_handle_diagnostic_message_ack_pass
FNDA:1,_RNvNtNtCskpRalLIZgz5_16doip_definitions12doip_payload5testss_49test_handle_diagnostic_message_ack_invalid_length
FNDA:1,_RNvNtNtCskpRalLIZgz5_16doip_definitions12doip_payload5testss_40test_handle_diagnostic_message_nack_pass
FNDA:1,_RNvNtNtCskpRalLIZgz5_16doip_definitions12doip_payload5testss_50test_handle_diagnostic_message_nack_invalid_length
FNDA:0,_RNvXININtCskpRalLIZgz5_16doip_definitions12doip_payloads_0KpEAhpINtNtCscuoSGdwqc8b_4core7convert7TryFromNtB5_11DoipPayloadE8try_fromB7_
FNF:75
FNH:72
DA:118,7
DA:119,7
DA:120,0
DA:121,7
DA:123,7
DA:124,1
DA:126,1
DA:129,1
DA:132,1
DA:134,2
DA:135,1
DA:136,0
DA:137,0
DA:138,0
DA:139,0
DA:140,0
DA:141,0
DA:142,0
DA:143,0
DA:144,0
DA:145,0
DA:148,7
DA:149,7
DA:155,0
DA:156,0
DA:157,0
DA:158,0
DA:159,0
DA:160,0
DA:161,0
DA:162,0
DA:165,0
DA:166,0
DA:167,0
DA:168,0
DA:171,0
DA:172,0
DA:173,0
DA:174,0
DA:177,0
DA:178,0
DA:179,0
DA:180,0
DA:183,0
DA:184,0
DA:185,0
DA:186,0
DA:189,0
DA:190,0
DA:191,0
DA:192,0
DA:195,0
DA:196,0
DA:197,0
DA:198,0
DA:201,0
DA:202,0
DA:203,0
DA:204,0
DA:207,0
DA:208,0
DA:209,0
DA:210,0
DA:213,0
DA:214,0
DA:215,0
DA:216,0
DA:219,0
DA:220,0
DA:221,0
DA:222,0
DA:225,0
DA:226,0
DA:227,0
DA:228,0
DA:231,0
DA:232,0
DA:233,0
DA:234,0
DA:237,0
DA:238,0
DA:239,0
DA:240,0
DA:243,0
DA:244,0
DA:245,0
DA:246,0
DA:247,0
DA:248,0
DA:249,0
DA:252,0
DA:253,0
DA:254,0
DA:255,0
DA:256,0
DA:257,0
DA:258,0
DA:261,0
DA:264,3
DA:265,3
DA:266,3
DA:267,3
DA:268,2
DA:269,2
DA:270,2
DA:271,3
DA:273,3
DA:274,3
DA:275,3
DA:276,3
DA:277,3
DA:278,3
DA:279,2
DA:280,2
DA:281,2
DA:282,3
DA:284,3
DA:285,3
DA:286,3
DA:287,3
DA:288,3
DA:289,3
DA:290,2
DA:291,2
DA:292,2
DA:293,3
DA:295,3
DA:296,3
DA:297,3
DA:298,3
DA:299,3
DA:300,3
DA:301,2
DA:302,2
DA:303,2
DA:304,3
DA:306,6
DA:307,6
DA:308,6
DA:309,2
DA:310,2
DA:311,2
DA:312,2
DA:313,2
DA:314,2
DA:315,2
DA:316,2
DA:318,2
DA:320,4
DA:321,2
DA:322,2
DA:323,2
DA:324,2
DA:325,2
DA:326,2
DA:327,2
DA:329,2
DA:332,2
DA:334,6
DA:336,3
DA:337,2
DA:338,2
DA:339,3
DA:340,3
DA:341,3
DA:343,2
DA:345,3
DA:347,2
DA:348,1
DA:349,1
DA:350,1
DA:351,2
DA:352,2
DA:353,2
DA:355,1
DA:357,2
DA:359,2
DA:360,2
DA:361,2
DA:362,2
DA:363,1
DA:364,1
DA:365,1
DA:366,2
DA:368,2
DA:369,2
DA:370,2
DA:371,2
DA:372,1
DA:373,1
DA:374,1
DA:375,2
DA:377,2
DA:378,2
DA:379,2
DA:380,2
DA:381,1
DA:382,1
DA:383,1
DA:384,2
DA:386,2
DA:387,1
DA:388,1
DA:389,1
DA:390,2
DA:391,2
DA:392,2
DA:394,1
DA:396,2
DA:398,2
DA:399,2
DA:400,2
DA:401,2
DA:402,1
DA:403,1
DA:404,1
DA:405,2
DA:407,2
DA:408,2
DA:409,2
DA:410,2
DA:412,1
DA:414,2
DA:416,2
DA:417,2
DA:418,1
DA:419,2
DA:421,2
DA:422,2
DA:423,2
DA:424,2
DA:426,1
DA:428,2
DA:430,2
DA:431,2
DA:432,2
DA:433,2
DA:435,1
DA:437,2
DA:473,1
DA:474,1
DA:475,1
DA:476,1
DA:477,1
DA:478,1
DA:479,1
DA:480,1
DA:481,1
DA:482,1
DA:483,1
DA:484,1
DA:485,1
DA:486,1
DA:487,1
DA:488,1
DA:489,1
DA:490,1
DA:493,1
DA:494,1
DA:495,1
DA:496,1
DA:497,1
DA:498,1
DA:499,1
DA:500,1
DA:501,1
DA:502,1
DA:503,1
DA:504,1
DA:505,1
DA:506,1
DA:507,1
DA:508,1
DA:509,1
DA:510,1
DA:511,1
DA:514,1
DA:515,1
DA:516,1
DA:517,1
DA:518,1
DA:519,1
DA:520,1
DA:521,1
DA:522,1
DA:523,1
DA:524,1
DA:525,1
DA:526,1
DA:527,1
DA:528,1
DA:529,1
DA:530,1
DA:531,1
DA:532,1
DA:533,1
DA:534,1
DA:537,1
DA:538,1
DA:539,1
DA:540,1
DA:541,1
DA:542,1
DA:543,1
DA:544,1
DA:545,1
DA:546,1
DA:547,1
DA:548,1
DA:549,1
DA:550,1
DA:551,1
DA:552,1
DA:553,1
DA:554,1
DA:555,1
DA:556,1
DA:557,1
DA:560,1
DA:561,1
DA:562,1
DA:563,1
DA:564,1
DA:565,1
DA:566,1
DA:567,1
DA:568,1
DA:569,1
DA:570,1
DA:571,1
DA:572,1
DA:573,1
DA:574,1
DA:575,1
DA:576,1
DA:577,1
DA:578,1
DA:579,1
DA:580,1
DA:581,1
DA:582,1
DA:583,1
DA:584,1
DA:585,1
DA:588,1
DA:589,1
DA:590,1
DA:591,1
DA:592,1
DA:593,1
DA:594,1
DA:595,1
DA:596,1
DA:597,1
DA:598,1
DA:599,1
DA:600,1
DA:601,1
DA:602,1
DA:603,1
DA:604,1
DA:605,1
DA:606,1
DA:607,1
DA:608,1
DA:609,1
DA:610,1
DA:611,1
DA:612,1
DA:613,1
DA:616,1
DA:617,1
DA:618,1
DA:619,1
DA:620,1
DA:621,1
DA:622,1
DA:623,1
DA:624,1
DA:625,1
DA:626,1
DA:627,1
DA:628,1
DA:629,1
DA:630,1
DA:631,1
DA:632,1
DA:633,1
DA:634,1
DA:635,1
DA:636,1
DA:637,1
DA:638,1
DA:641,1
DA:642,1
DA:643,1
DA:644,1
DA:645,1
DA:646,1
DA:649,1
DA:650,1
DA:651,1
DA:652,1
DA:653,1
DA:654,1
DA:657,1
DA:658,1
DA:659,1
DA:660,1
DA:661,1
DA:662,1
DA:665,1
DA:666,1
DA:667,1
DA:668,1
DA:669,1
DA:670,1
DA:673,1
DA:674,1
DA:675,1
DA:676,1
DA:677,1
DA:678,1
DA:681,1
DA:682,1
DA:683,1
DA:684,1
DA:685,1
DA:686,1
DA:689,1
DA:690,1
DA:691,1
DA:692,1
DA:693,1
DA:694,1
DA:697,1
DA:698,1
DA:699,1
DA:700,1
DA:701,1
DA:702,1
DA:705,1
DA:706,1
DA:707,1
DA:708,1
DA:709,1
DA:710,1
DA:713,1
DA:714,1
DA:715,1
DA:716,1
DA:717,1
DA:718,1
DA:721,1
DA:722,1
DA:723,1
DA:724,1
DA:725,1
DA:726,1
DA:729,1
DA:730,1
DA:731,1
DA:732,1
DA:733,1
DA:734,1
DA:737,1
DA:738,1
DA:739,1
DA:740,1
DA:741,1
DA:742,1
DA:743,1
DA:744,1
DA:745,1
DA:746,1
DA:747,1
DA:748,1
DA:751,1
DA:752,1
DA:753,1
DA:754,1
DA:755,1
DA:756,1
DA:759,1
DA:760,1
DA:761,1
DA:762,1
DA:763,1
DA:764,1
DA:765,1
DA:766,1
DA:767,1
DA:768,1
DA:769,1
DA:770,1
DA:771,1
DA:774,1
DA:775,1
DA:776,1
DA:777,1
DA:778,1
DA:779,1
DA:782,1
DA:783,1
DA:784,1
DA:785,1
DA:786,1
DA:787,1
DA:788,1
DA:791,1
DA:792,1
DA:793,1
DA:794,1
DA:795,1
DA:796,1
DA:799,1
DA:800,1
DA:801,1
DA:802,1
DA:803,1
DA:804,1
DA:805,1
DA:806,1
DA:807,1
DA:808,1
DA:811,1
DA:812,1
DA:813,1
DA:814,1
DA:815,1
DA:816,1
DA:819,1
DA:820,1
DA:821,1
DA:822,1
DA:823,1
DA:824,1
DA:825,1
DA:828,1
DA:829,1
DA:830,1
DA:831,1
DA:832,1
DA:833,1
DA:836,1
DA:837,1
DA:838,1
DA:839,1
DA:840,1
DA:841,1
DA:842,1
DA:843,1
DA:844,1
DA:845,1
DA:846,1
DA:847,1
DA:848,1
DA:851,1
DA:852,1
DA:853,1
DA:854,1
DA:855,1
DA:856,1
DA:859,1
DA:860,1
DA:861,1
DA:862,1
DA:863,1
DA:864,1
DA:865,1
DA:868,1
DA:869,1
DA:870,1
DA:871,1
DA:872,1
DA:873,1
DA:876,1
DA:877,1
DA:878,1
DA:879,1
DA:880,1
DA:881,1
DA:882,1
DA:883,1
DA:884,1
DA:885,1
DA:888,1
DA:889,1
DA:890,1
DA:891,1
DA:892,1
DA:893,1
DA:896,1
DA:898,1
DA:899,1
DA:900,1
DA:901,1
DA:902,1
DA:903,1
DA:904,1
DA:905,1
DA:906,1
DA:907,1
DA:908,1
DA:911,1
DA:912,1
DA:913,1
DA:914,1
DA:915,1
DA:916,1
DA:919,1
DA:920,1
DA:921,1
DA:922,1
DA:923,1
DA:924,1
DA:925,1
DA:926,1
DA:927,1
DA:928,1
DA:929,1
DA:930,1
DA:931,1
DA:932,1
DA:933,1
DA:936,1
DA:937,1
DA:938,1
DA:939,1
DA:940,1
DA:941,1
DA:944,1
DA:945,1
DA:946,1
DA:947,1
DA:948,1
DA:949,1
DA:950,1
DA:951,1
DA:952,1
DA:953,1
DA:954,1
DA:955,1
DA:956,1
DA:957,1
DA:958,1
DA:961,1
DA:962,1
DA:963,1
DA:964,1
DA:965,1
DA:966,1
BRF:0
BRH:0
LF:668
LH:580
end_of_record
SF:Z:\Software\repos\doip-definitions\src\doip_payload\action_code.rs
FN:60,_RNvXNtNtCskpRalLIZgz5_16doip_definitions12doip_payload11action_codehINtNtCscuoSGdwqc8b_4core7convert4FromNtB2_10ActionCodeE4from
FN:68,_RNvXs_NtNtCskpRalLIZgz5_16doip_definitions12doip_payload11action_codeNtB4_10ActionCodeINtNtCscuoSGdwqc8b_4core7convert7TryFromhE8try_from
FN:97,_RNvNtNtNtCskpRalLIZgz5_16doip_definitions12doip_payload11action_code5testss_19test_try_from_bytes
FN:125,_RNvNtNtNtCskpRalLIZgz5_16doip_definitions12doip_payload11action_code5testss_21test_from_action_code
FNDA:23,_RNvXNtNtCskpRalLIZgz5_16doip_definitions12doip_payload11action_codehINtNtCscuoSGdwqc8b_4core7convert4FromNtB2_10ActionCodeE4from
FNDA:66357,_RNvXs_NtNtCskpRalLIZgz5_16doip_definitions12doip_payload11action_codeNtB4_10ActionCodeINtNtCscuoSGdwqc8b_4core7convert7TryFromhE8try_from
FNDA:1,_RNvNtNtNtCskpRalLIZgz5_16doip_definitions12doip_payload11action_code5testss_19test_try_from_bytes
FNDA:1,_RNvNtNtNtCskpRalLIZgz5_16doip_definitions12doip_payload11action_code5testss_21test_from_action_code
FNF:4
FNH:4
DA:60,23
DA:61,23
DA:62,23
DA:68,66357
DA:69,66357
DA:70,280
DA:71,276
DA:72,276
DA:73,276
DA:74,276
DA:75,276
DA:76,276
DA:77,276
DA:78,276
DA:79,276
DA:80,276
DA:81,276
DA:82,276
DA:83,276
DA:84,276
DA:85,276
DA:86,276
DA:87,61661
DA:89,66357
DA:97,1
DA:98,256
DA:99,255
DA:100,255
DA:101,255
DA:102,1
DA:103,1
DA:104,1
DA:105,1
DA:106,1
DA:107,1
DA:108,1
DA:109,1
DA:110,1
DA:111,1
DA:112,1
DA:113,1
DA:114,1
DA:115,1
DA:116,1
DA:117,1
DA:118,1
DA:119,238
DA:122,1
DA:125,1
DA:126,1
DA:127,1
DA:128,1
DA:129,1
DA:130,1
DA:131,1
DA:132,1
DA:133,1
DA:134,1
DA:135,1
DA:136,1
DA:137,1
DA:138,1
DA:139,1
DA:140,1
DA:141,1
DA:142,1
DA:143,1
DA:144,1
DA:145,1
DA:146,1
DA:147,1
DA:148,1
DA:149,1
DA:150,1
DA:151,1
DA:152,1
DA:153,1
DA:154,1
DA:155,1
DA:156,1
DA:157,1
DA:158,1
DA:159,1
DA:160,1
BRF:0
BRH:0
LF:84
LH:84
end_of_record
SF:Z:\Software\repos\doip-definitions\src\doip_payload\activation_code.rs
FN:64,_RNvXNtNtCskpRalLIZgz5_16doip_definitions12doip_payload15activation_codehINtNtCscuoSGdwqc8b_4core7convert4FromNtB2_14ActivationCodeE4from
FN:72,_RNvXs_NtNtCskpRalLIZgz5_16doip_definitions12doip_payload15activation_codeNtB4_14ActivationCodeINtNtCscuoSGdwqc8b_4core7convert7TryFromhE8try_from
FN:102,_RNvNtNtNtCskpRalLIZgz5_16doip_definitions12doip_payload15activation_code5testss_19test_try_from_bytes
FN:185,_RNvNtNtNtCskpRalLIZgz5_16doip_definitions12doip_payload15activation_code5testss_24test_fom_activation_code
FNDA:20,_RNvXNtNtCskpRalLIZgz5_16doip_definitions12doip_payload15activation_codehINtNtCscuoSGdwqc8b_4core7convert4FromNtB2_14ActivationCodeE4from
FNDA:512,_RNvXs_NtNtCskpRalLIZgz5_16doip_definitions12doip_payload15activation_codeNtB4_14ActivationCodeINtNtCscuoSGdwqc8b_4core7convert7TryFromhE8try_from
FNDA:1,_RNvNtNtNtCskpRalLIZgz5_16doip_definitions12doip_payload15activation_code5testss_19test_try_from_bytes
FNDA:1,_RNvNtNtNtCskpRalLIZgz5_16doip_definitions12doip_payload15activation_code5testss_24test_fom_activation_code
FNF:4
FNH:4
DA:64,20
DA:65,20
DA:66,20
DA:72,512
DA:73,512
DA:74,2
DA:75,2
DA:76,2
DA:77,2
DA:78,2
DA:79,2
DA:80,2
DA:81,2
DA:82,2
DA:83,2
DA:84,2
DA:85,2
DA:86,2
DA:87,2
DA:88,2
DA:89,2
DA:90,2
DA:91,3
DA:92,475
DA:94,512
DA:102,1
DA:103,256
DA:104,255
DA:105,255
DA:106,255
DA:107,1
DA:108,1
DA:109,1
DA:110,1
DA:111,1
DA:112,1
DA:113,1
DA:114,1
DA:115,1
DA:116,1
DA:117,1
DA:118,1
DA:119,1
DA:120,1
DA:121,1
DA:122,1
DA:123,1
DA:124,1
DA:125,1
DA:126,1
DA:127,1
DA:128,1
DA:129,1
DA:130,1
DA:131,1
DA:132,1
DA:133,1
DA:134,1
DA:135,1
DA:136,1
DA:137,1
DA:138,1
DA:139,1
DA:140,1
DA:141,1
DA:142,1
DA:143,1
DA:144,1
DA:145,1
DA:146,1
DA:147,1
DA:148,1
DA:149,1
DA:150,1
DA:151,1
DA:152,1
DA:153,1
DA:154,1
DA:155,1
DA:156,1
DA:157,1
DA:158,1
DA:159,1
DA:160,1
DA:161,1
DA:162,1
DA:163,1
DA:164,1
DA:165,1
DA:166,1
DA:167,1
DA:168,1
DA:169,1
DA:170,1
DA:171,1
DA:172,1
DA:173,1
DA:174,1
DA:175,1
DA:176,1
DA:177,1
DA:178,1
DA:179,237
DA:182,1
DA:185,1
DA:186,1
DA:187,1
DA:188,1
DA:189,1
DA:190,1
DA:191,1
DA:192,1
DA:193,1
DA:194,1
DA:195,1
DA:196,1
DA:197,1
DA:198,1
DA:199,1
DA:200,1
DA:201,1
DA:202,1
DA:203,1
DA:204,1
DA:205,1
DA:206,1
DA:207,1
DA:208,1
DA:209,1
DA:210,1
DA:211,1
DA:212,1
DA:213,1
DA:214,1
DA:215,1
DA:216,1
DA:217,1
DA:218,1
DA:219,1
DA:220,1
DA:221,1
DA:222,1
BRF:0
BRH:0
LF:142
LH:142
end_of_record
SF:Z:\Software\repos\doip-definitions\src\doip_payload\activation_type.rs
FN:41,_RNvNtNtNtCskpRalLIZgz5_16doip_definitions12doip_payload15activation_type5testss_19test_try_from_bytes
FN:55,_RNvNtNtNtCskpRalLIZgz5_16doip_definitions12doip_payload15activation_type5testss_24test_from_acivation_type
FN:18,_RNvXNtNtCskpRalLIZgz5_16doip_definitions12doip_payload15activation_typehINtNtCscuoSGdwqc8b_4core7convert4FromNtB2_14ActivationTypeE4from
FN:26,_RNvXs_NtNtCskpRalLIZgz5_16doip_definitions12doip_payload15activation_typeNtB4_14ActivationTypeINtNtCscuoSGdwqc8b_4core7convert7TryFromhE8try_from
FNDA:1,_RNvNtNtNtCskpRalLIZgz5_16doip_definitions12doip_payload15activation_type5testss_19test_try_from_bytes
FNDA:1,_RNvNtNtNtCskpRalLIZgz5_16doip_definitions12doip_payload15activation_type5testss_24test_from_acivation_type
FNDA:6,_RNvXNtNtCskpRalLIZgz5_16doip_definitions12doip_payload15activation_typehINtNtCscuoSGdwqc8b_4core7convert4FromNtB2_14ActivationTypeE4from
FNDA:513,_RNvXs_NtNtCskpRalLIZgz5_16doip_definitions12doip_payload15activation_typeNtB4_14ActivationTypeINtNtCscuoSGdwqc8b_4core7convert7TryFromhE8try_from
FNF:4
FNH:4
DA:18,6
DA:19,6
DA:20,6
DA:26,513
DA:27,513
DA:28,4
DA:29,2
DA:30,2
DA:31,505
DA:33,513
DA:41,1
DA:42,256
DA:43,255
DA:44,255
DA:45,255
DA:46,1
DA:47,1
DA:48,1
DA:49,252
DA:52,1
DA:55,1
DA:56,1
DA:57,1
DA:58,1
DA:59,1
DA:60,1
DA:61,1
DA:62,1
BRF:0
BRH:0
LF:28
LH:28
end_of_record
SF:Z:\Software\repos\doip-definitions\src\doip_payload\alive_check_request.rs
FN:28,_RNvNtNtNtCskpRalLIZgz5_16doip_definitions12doip_payload19alive_check_request5testss_15test_from_bytes
FN:34,_RNvNtNtNtCskpRalLIZgz5_16doip_definitions12doip_payload19alive_check_request5testss_25test_from_alive_check_req
FN:9,_RNvXNtNtCskpRalLIZgz5_16doip_definitions12doip_payload19alive_check_requestAhj0_INtNtCscuoSGdwqc8b_4core7convert4FromNtB2_17AliveCheckRequestE4from
FN:16,_RNvXs_NtNtCskpRalLIZgz5_16doip_definitions12doip_payload19alive_check_requestNtB4_17AliveCheckRequestINtNtCscuoSGdwqc8b_4core7convert4FromAhj0_E4from
FNDA:1,_RNvNtNtNtCskpRalLIZgz5_16doip_definitions12doip_payload19alive_check_request5testss_15test_from_bytes
FNDA:1,_RNvNtNtNtCskpRalLIZgz5_16doip_definitions12doip_payload19alive_check_request5testss_25test_from_alive_check_req
FNDA:2,_RNvXNtNtCskpRalLIZgz5_16doip_definitions12doip_payload19alive_check_requestAhj0_INtNtCscuoSGdwqc8b_4core7convert4FromNtB2_17AliveCheckRequestE4from
FNDA:2,_RNvXs_NtNtCskpRalLIZgz5_16doip_definitions12doip_payload19alive_check_requestNtB4_17AliveCheckRequestINtNtCscuoSGdwqc8b_4core7convert4FromAhj0_E4from
FNF:4
FNH:4
DA:9,2
DA:10,2
DA:11,2
DA:12,2
DA:16,2
DA:17,2
DA:18,2
DA:19,2
DA:20,2
DA:28,1
DA:29,1
DA:30,1
DA:31,1
DA:32,1
DA:34,1
DA:35,1
DA:36,1
DA:37,1
BRF:0
BRH:0
LF:18
LH:18
end_of_record
SF:Z:\Software\repos\doip-definitions\src\doip_payload\alive_check_response.rs
FN:33,_RNvNtNtNtCskpRalLIZgz5_16doip_definitions12doip_payload20alive_check_response5testss_15test_from_bytes
FN:43,_RNvNtNtNtCskpRalLIZgz5_16doip_definitions12doip_payload20alive_check_response5testss_25test_from_alive_check_res
FN:13,_RNvXNtNtCskpRalLIZgz5_16doip_definitions12doip_payload20alive_check_responseAhj2_INtNtCscuoSGdwqc8b_4core7convert4FromNtB2_18AliveCheckResponseE4from
FN:19,_RNvXs_NtNtCskpRalLIZgz5_16doip_definitions12doip_payload20alive_check_responseNtB4_18AliveCheckResponseINtNtCscuoSGdwqc8b_4core7convert4FromAhj2_E4from
FNDA:1,_RNvNtNtNtCskpRalLIZgz5_16doip_definitions12doip_payload20alive_check_response5testss_15test_from_bytes
FNDA:1,_RNvNtNtNtCskpRalLIZgz5_16doip_definitions12doip_payload20alive_check_response5testss_25test_from_alive_check_res
FNDA:65537,_RNvXNtNtCskpRalLIZgz5_16doip_definitions12doip_payload20alive_check_responseAhj2_INtNtCscuoSGdwqc8b_4core7convert4FromNtB2_18AliveCheckResponseE4from
FNDA:65537,_RNvXs_NtNtCskpRalLIZgz5_16doip_definitions12doip_payload20alive_check_responseNtB4_18AliveCheckResponseINtNtCscuoSGdwqc8b_4core7convert4FromAhj2_E4from
FNF:4
FNH:4
DA:13,65537
DA:14,65537
DA:15,65537
DA:19,65537
DA:20,65537
DA:21,65537
DA:22,65537
DA:23,65537
DA:33,1
DA:34,65537
DA:35,65536
DA:36,65536
DA:37,65536
DA:38,65536
DA:40,1
DA:43,1
DA:44,65537
DA:45,65536
DA:46,65536
DA:47,65536
DA:48,65536
DA:50,1
BRF:0
BRH:0
LF:22
LH:22
end_of_record
SF:Z:\Software\repos\doip-definitions\src\doip_payload\diagnostic_ack.rs
FN:11,_RNvXNtNtCskpRalLIZgz5_16doip_definitions12doip_payload14diagnostic_ackhINtNtCscuoSGdwqc8b_4core7convert4FromNtB2_17DiagnosticAckCodeE4from
FN:19,_RNvXs_NtNtCskpRalLIZgz5_16doip_definitions12doip_payload14diagnostic_ackNtB4_17DiagnosticAckCodeINtNtCscuoSGdwqc8b_4core7convert7TryFromhE8try_from
FN:32,_RNvNtNtNtCskpRalLIZgz5_16doip_definitions12doip_payload14diagnostic_ack5testss_19test_try_from_bytes
FN:44,_RNvNtNtNtCskpRalLIZgz5_16doip_definitions12doip_payload14diagnostic_ack5testss_29test_from_diagnostic_ack_code
FNDA:3,_RNvXNtNtCskpRalLIZgz5_16doip_definitions12doip_payload14diagnostic_ackhINtNtCscuoSGdwqc8b_4core7convert4FromNtB2_17DiagnosticAckCodeE4from
FNDA:513,_RNvXs_NtNtCskpRalLIZgz5_16doip_definitions12doip_payload14diagnostic_ackNtB4_17DiagnosticAckCodeINtNtCscuoSGdwqc8b_4core7convert7TryFromhE8try_from
FNDA:1,_RNvNtNtNtCskpRalLIZgz5_16doip_definitions12doip_payload14diagnostic_ack5testss_19test_try_from_bytes
FNDA:1,_RNvNtNtNtCskpRalLIZgz5_16doip_definitions12doip_payload14diagnostic_ack5testss_29test_from_diagnostic_ack_code
FNF:4
FNH:4
DA:11,3
DA:12,3
DA:13,3
DA:19,513
DA:20,513
DA:21,4
DA:22,509
DA:24,513
DA:32,1
DA:33,256
DA:34,255
DA:35,255
DA:36,255
DA:37,1
DA:38,254
DA:41,1
DA:44,1
DA:45,1
DA:46,1
DA:47,1
BRF:0
BRH:0
LF:20
LH:20
end_of_record
SF:Z:\Software\repos\doip-definitions\src\doip_payload\diagnostic_message.rs
FN:77,_RNvNtNtNtCskpRalLIZgz5_16doip_definitions12doip_payload18diagnostic_message5testss_19test_try_from_bytes
FN:92,_RNvNtNtNtCskpRalLIZgz5_16doip_definitions12doip_payload18diagnostic_message5testss_29test_try_from_bytes_too_short
FN:103,_RNvNtNtNtCskpRalLIZgz5_16doip_definitions12doip_payload18diagnostic_message5testss_21test_try_from_message
FN:117,_RNvNtNtNtCskpRalLIZgz5_16doip_definitions12doip_payload18diagnostic_message5testss_34test_try_from_message_invalid_size
FN:131,_RNvNtNtNtCskpRalLIZgz5_16doip_definitions12doip_payload18diagnostic_message5testss_27test_try_from_message_empty
FN:23,_RNvXNtNtCskpRalLIZgz5_16doip_definitions12doip_payload18diagnostic_messageAhj4_INtNtCscuoSGdwqc8b_4core7convert7TryFromNtB2_17DiagnosticMessageE8try_fromB6_
FN:23,_RNvXNtNtCskpRalLIZgz5_16doip_definitions12doip_payload18diagnostic_messageAhj5_INtNtCscuoSGdwqc8b_4core7convert7TryFromNtB2_17DiagnosticMessageE8try_fromB6_
FN:50,_RNvXs_NtNtCskpRalLIZgz5_16doip_definitions12doip_payload18diagnostic_messageNtB4_17DiagnosticMessageINtNtCscuoSGdwqc8b_4core7convert7TryFromRShE8try_from
FNDA:1,_RNvNtNtNtCskpRalLIZgz5_16doip_definitions12doip_payload18diagnostic_message5testss_19test_try_from_bytes
FNDA:1,_RNvNtNtNtCskpRalLIZgz5_16doip_definitions12doip_payload18diagnostic_message5testss_29test_try_from_bytes_too_short
FNDA:1,_RNvNtNtNtCskpRalLIZgz5_16doip_definitions12doip_payload18diagnostic_message5testss_21test_try_from_message
FNDA:1,_RNvNtNtNtCskpRalLIZgz5_16doip_definitions12doip_payload18diagnostic_message5testss_34test_try_from_message_invalid_size
FNDA:1,_RNvNtNtNtCskpRalLIZgz5_16doip_definitions12doip_payload18diagnostic_message5testss_27test_try_from_message_empty
FNDA:2,_RNvXNtNtCskpRalLIZgz5_16doip_definitions12doip_payload18diagnostic_messageAhj4_INtNtCscuoSGdwqc8b_4core7convert7TryFromNtB2_17DiagnosticMessageE8try_fromB6_
FNDA:2,_RNvXNtNtCskpRalLIZgz5_16doip_definitions12doip_payload18diagnostic_messageAhj5_INtNtCscuoSGdwqc8b_4core7convert7TryFromNtB2_17DiagnosticMessageE8try_fromB6_
FNDA:4,_RNvXs_NtNtCskpRalLIZgz5_16doip_definitions12doip_payload18diagnostic_messageNtB4_17DiagnosticMessageINtNtCscuoSGdwqc8b_4core7convert7TryFromRShE8try_from
FNF:7
FNH:7
DA:23,4
DA:24,4
DA:25,4
DA:26,4
DA:27,1
DA:28,3
DA:29,3
DA:30,3
DA:31,3
DA:32,3
DA:33,3
DA:34,3
DA:35,3
DA:36,3
DA:37,3
DA:38,3
DA:39,3
DA:40,3
DA:41,3
DA:42,3
DA:43,3
DA:44,4
DA:50,4
DA:51,4
DA:52,2
DA:53,2
DA:54,2
DA:55,2
DA:56,2
DA:57,2
DA:58,2
DA:59,2
DA:60,2
DA:61,2
DA:62,2
DA:63,2
DA:64,2
DA:65,2
DA:66,2
DA:67,2
DA:68,2
DA:69,4
DA:77,1
DA:78,1
DA:79,1
DA:80,1
DA:81,1
DA:82,1
DA:83,1
DA:84,1
DA:85,1
DA:86,1
DA:87,1
DA:88,1
DA:89,1
DA:92,1
DA:93,1
DA:94,1
DA:95,1
DA:96,1
DA:97,1
DA:98,1
DA:99,1
DA:100,1
DA:103,1
DA:104,1
DA:105,1
DA:106,1
DA:107,1
DA:108,1
DA:112,1
DA:113,1
DA:114,1
DA:117,1
DA:118,1
DA:119,1
DA:120,1
DA:121,1
DA:122,1
DA:126,1
DA:127,1
DA:128,1
DA:131,1
DA:132,1
DA:133,1
DA:134,1
DA:135,1
DA:136,1
DA:140,1
DA:141,1
DA:142,1
BRF:0
BRH:0
LF:91
LH:91
end_of_record
SF:Z:\Software\repos\doip-definitions\src\doip_payload\diagnostic_message_ack.rs
FN:82,_RNvNtNtNtCskpRalLIZgz5_16doip_definitions12doip_payload22diagnostic_message_ack5testss_19test_try_from_bytes
FN:101,_RNvNtNtNtCskpRalLIZgz5_16doip_definitions12doip_payload22diagnostic_message_ack5testss_21test_from_message_ack
FN:25,_RNvXNtNtCskpRalLIZgz5_16doip_definitions12doip_payload22diagnostic_message_ackAhj5_INtNtCscuoSGdwqc8b_4core7convert4FromNtB2_20DiagnosticMessageAckE4from
FN:50,_RNvXs_NtNtCskpRalLIZgz5_16doip_definitions12doip_payload22diagnostic_message_ackNtB4_20DiagnosticMessageAckINtNtCscuoSGdwqc8b_4core7convert7TryFromAhj5_E8try_from
FNDA:1,_RNvNtNtNtCskpRalLIZgz5_16doip_definitions12doip_payload22diagnostic_message_ack5testss_19test_try_from_bytes
FNDA:1,_RNvNtNtNtCskpRalLIZgz5_16doip_definitions12doip_payload22diagnostic_message_ack5testss_21test_from_message_ack
FNDA:2,_RNvXNtNtCskpRalLIZgz5_16doip_definitions12doip_payload22diagnostic_message_ackAhj5_INtNtCscuoSGdwqc8b_4core7convert4FromNtB2_20DiagnosticMessageAckE4from
FNDA:257,_RNvXs_NtNtCskpRalLIZgz5_16doip_definitions12doip_payload22diagnostic_message_ackNtB4_20DiagnosticMessageAckINtNtCscuoSGdwqc8b_4core7convert7TryFromAhj5_E8try_from
FNF:4
FNH:4
DA:25,2
DA:26,2
DA:27,2
DA:28,2
DA:29,2
DA:30,2
DA:31,2
DA:32,2
DA:33,2
DA:34,2
DA:35,2
DA:36,2
DA:37,2
DA:38,2
DA:39,2
DA:40,2
DA:41,2
DA:42,2
DA:50,257
DA:51,257
DA:52,257
DA:53,257
DA:54,257
DA:55,257
DA:56,257
DA:57,257
DA:58,257
DA:59,257
DA:60,257
DA:62,257
DA:64,2
DA:65,2
DA:66,2
DA:67,2
DA:68,2
DA:69,257
DA:82,1
DA:83,257
DA:84,256
DA:85,256
DA:86,256
DA:87,1
DA:88,1
DA:89,1
DA:90,1
DA:91,1
DA:92,1
DA:93,1
DA:94,1
DA:95,255
DA:98,1
DA:101,1
DA:102,1
DA:103,1
DA:104,1
DA:105,1
DA:106,1
DA:107,1
DA:108,1
DA:109,1
DA:110,1
DA:111,1
DA:112,1
DA:113,1
DA:114,1
DA:115,1
DA:116,1
DA:117,1
DA:118,1
DA:119,1
DA:120,1
BRF:0
BRH:0
LF:71
LH:71
end_of_record
SF:Z:\Software\repos\doip-definitions\src\doip_payload\diagnostic_message_nack.rs
FN:25,_RNvXNtNtCskpRalLIZgz5_16doip_definitions12doip_payload23diagnostic_message_nackAhj5_INtNtCscuoSGdwqc8b_4core7convert4FromNtB2_21DiagnosticMessageNackE4from
FN:50,_RNvXs_NtNtCskpRalLIZgz5_16doip_definitions12doip_payload23diagnostic_message_nackNtB4_21DiagnosticMessageNackINtNtCscuoSGdwqc8b_4core7convert7TryFromAhj5_E8try_from
FN:82,_RNvNtNtNtCskpRalLIZgz5_16doip_definitions12doip_payload23diagnostic_message_nack5testss_19test_try_from_bytes
FN:165,_RNvNtNtNtCskpRalLIZgz5_16doip_definitions12doip_payload23diagnostic_message_nack5testss_22test_from_message_nack
FNDA:2,_RNvXNtNtCskpRalLIZgz5_16doip_definitions12doip_payload23diagnostic_message_nackAhj5_INtNtCscuoSGdwqc8b_4core7convert4FromNtB2_21DiagnosticMessageNackE4from
FNDA:257,_RNvXs_NtNtCskpRalLIZgz5_16doip_definitions12doip_payload23diagnostic_message_nackNtB4_21DiagnosticMessageNackINtNtCscuoSGdwqc8b_4core7convert7TryFromAhj5_E8try_from
FNDA:1,_RNvNtNtNtCskpRalLIZgz5_16doip_definitions12doip_payload23diagnostic_message_nack5testss_19test_try_from_bytes
FNDA:1,_RNvNtNtNtCskpRalLIZgz5_16doip_definitions12doip_payload23diagnostic_message_nack5testss_22test_from_message_nack
FNF:4
FNH:4
DA:25,2
DA:26,2
DA:27,2
DA:28,2
DA:29,2
DA:30,2
DA:31,2
DA:32,2
DA:33,2
DA:34,2
DA:35,2
DA:36,2
DA:37,2
DA:38,2
DA:39,2
DA:40,2
DA:41,2
DA:42,2
DA:50,257
DA:51,257
DA:52,257
DA:53,257
DA:54,257
DA:55,257
DA:56,257
DA:57,257
DA:58,257
DA:59,257
DA:60,257
DA:62,257
DA:64,10
DA:65,10
DA:66,10
DA:67,10
DA:68,10
DA:69,257
DA:82,1
DA:83,257
DA:84,256
DA:85,256
DA:86,256
DA:87,1
DA:88,1
DA:89,1
DA:90,1
DA:91,1
DA:92,1
DA:93,1
DA:94,1
DA:95,1
DA:96,1
DA:97,1
DA:98,1
DA:99,1
DA:100,1
DA:101,1
DA:102,1
DA:103,1
DA:104,1
DA:105,1
DA:106,1
DA:107,1
DA:108,1
DA:109,1
DA:110,1
DA:111,1
DA:112,1
DA:113,1
DA:114,1
DA:115,1
DA:116,1
DA:117,1
DA:118,1
DA:119,1
DA:120,1
DA:121,1
DA:122,1
DA:123,1
DA:124,1
DA:125,1
DA:126,1
DA:127,1
DA:128,1
DA:129,1
DA:130,1
DA:131,1
DA:132,1
DA:133,1
DA:134,1
DA:135,1
DA:136,1
DA:137,1
DA:138,1
DA:139,1
DA:140,1
DA:141,1
DA:142,1
DA:143,1
DA:144,1
DA:145,1
DA:146,1
DA:147,1
DA:148,1
DA:149,1
DA:150,1
DA:151,1
DA:152,1
DA:153,1
DA:154,1
DA:155,1
DA:156,1
DA:157,1
DA:158,1
DA:159,247
DA:162,1
DA:165,1
DA:166,1
DA:167,1
DA:168,1
DA:169,1
DA:170,1
DA:171,1
DA:172,1
DA:173,1
DA:174,1
DA:175,1
DA:176,1
DA:177,1
DA:178,1
DA:179,1
DA:180,1
DA:181,1
DA:182,1
DA:183,1
DA:184,1
BRF:0
BRH:0
LF:135
LH:135
end_of_record
SF:Z:\Software\repos\doip-definitions\src\doip_payload\diagnostic_nack.rs
FN:35,_RNvXNtNtCskpRalLIZgz5_16doip_definitions12doip_payload15diagnostic_nackhINtNtCscuoSGdwqc8b_4core7convert4FromNtB2_18DiagnosticNackCodeE4from
FN:43,_RNvXs_NtNtCskpRalLIZgz5_16doip_definitions12doip_payload15diagnostic_nackNtB4_18DiagnosticNackCodeINtNtCscuoSGdwqc8b_4core7convert7TryFromhE8try_from
FN:64,_RNvNtNtNtCskpRalLIZgz5_16doip_definitions12doip_payload15diagnostic_nack5testss_15test_exhaustive
FNDA:2,_RNvXNtNtCskpRalLIZgz5_16doip_definitions12doip_payload15diagnostic_nackhINtNtCscuoSGdwqc8b_4core7convert4FromNtB2_18DiagnosticNackCodeE4from
FNDA:513,_RNvXs_NtNtCskpRalLIZgz5_16doip_definitions12doip_payload15diagnostic_nackNtB4_18DiagnosticNackCodeINtNtCscuoSGdwqc8b_4core7convert7TryFromhE8try_from
FNDA:1,_RNvNtNtNtCskpRalLIZgz5_16doip_definitions12doip_payload15diagnostic_nack5testss_15test_exhaustive
FNF:3
FNH:3
DA:35,2
DA:36,2
DA:37,2
DA:43,513
DA:44,513
DA:45,3
DA:46,2
DA:47,2
DA:48,2
DA:49,2
DA:50,3
DA:51,2
DA:52,2
DA:53,2
DA:54,493
DA:56,513
DA:64,1
DA:65,256
DA:66,255
DA:67,255
DA:68,255
DA:69,1
DA:70,1
DA:71,1
DA:72,1
DA:73,1
DA:74,1
DA:75,1
DA:76,1
DA:77,1
DA:78,1
DA:79,1
DA:80,1
DA:81,1
DA:82,1
DA:83,1
DA:84,1
DA:85,1
DA:86,1
DA:87,1
DA:88,1
DA:89,1
DA:90,1
DA:91,1
DA:92,1
DA:93,1
DA:94,1
DA:95,1
DA:96,1
DA:97,1
DA:98,1
DA:99,1
DA:100,1
DA:101,1
DA:102,246
DA:103,246
DA:104,246
DA:105,246
DA:108,1
BRF:0
BRH:0
LF:59
LH:59
end_of_record
SF:Z:\Software\repos\doip-definitions\src\doip_payload\entity_status_request.rs
FN:6,_RNvXNtNtCskpRalLIZgz5_16doip_definitions12doip_payload21entity_status_requestAhj0_INtNtCscuoSGdwqc8b_4core7convert4FromNtB2_19EntityStatusRequestE4from
FN:13,_RNvXs_NtNtCskpRalLIZgz5_16doip_definitions12doip_payload21entity_status_requestNtB4_19EntityStatusRequestINtNtCscuoSGdwqc8b_4core7convert4FromAhj0_E4from
FN:25,_RNvNtNtNtCskpRalLIZgz5_16doip_definitions12doip_payload21entity_status_request5testss_15test_from_bytes
FN:31,_RNvNtNtNtCskpRalLIZgz5_16doip_definitions12doip_payload21entity_status_request5testss_27test_from_entity_status_req
FNDA:2,_RNvXNtNtCskpRalLIZgz5_16doip_definitions12doip_payload21entity_status_requestAhj0_INtNtCscuoSGdwqc8b_4core7convert4FromNtB2_19EntityStatusRequestE4from
FNDA:2,_RNvXs_NtNtCskpRalLIZgz5_16doip_definitions12doip_payload21entity_status_requestNtB4_19EntityStatusRequestINtNtCscuoSGdwqc8b_4core7convert4FromAhj0_E4from
FNDA:1,_RNvNtNtNtCskpRalLIZgz5_16doip_definitions12doip_payload21entity_status_request5testss_15test_from_bytes
FNDA:1,_RNvNtNtNtCskpRalLIZgz5_16doip_definitions12doip_payload21entity_status_request5testss_27test_from_entity_status_req
FNF:4
FNH:4
DA:6,2
DA:7,2
DA:8,2
DA:9,2
DA:13,2
DA:14,2
DA:15,2
DA:16,2
DA:17,2
DA:25,1
DA:26,1
DA:27,1
DA:28,1
DA:29,1
DA:31,1
DA:32,1
DA:33,1
DA:34,1
BRF:0
BRH:0
LF:18
LH:18
end_of_record
SF:Z:\Software\repos\doip-definitions\src\doip_payload\entity_status_response.rs
FN:31,_RNvXNtNtCskpRalLIZgz5_16doip_definitions12doip_payload22entity_status_responseAhj7_INtNtCscuoSGdwqc8b_4core7convert4FromNtB2_20EntityStatusResponseE4from
FN:59,_RNvXs_NtNtCskpRalLIZgz5_16doip_definitions12doip_payload22entity_status_responseNtB4_20EntityStatusResponseINtNtCscuoSGdwqc8b_4core7convert7TryFromAhj7_E8try_from
FN:97,_RNvNtNtNtCskpRalLIZgz5_16doip_definitions12doip_payload22entity_status_response5testss_19test_try_from_bytes
FN:126,_RNvNtNtNtCskpRalLIZgz5_16doip_definitions12doip_payload22entity_status_response5testss_27test_from_entity_status_res
FNDA:2,_RNvXNtNtCskpRalLIZgz5_16doip_definitions12doip_payload22entity_status_responseAhj7_INtNtCscuoSGdwqc8b_4core7convert4FromNtB2_20EntityStatusResponseE4from
FNDA:256,_RNvXs_NtNtCskpRalLIZgz5_16doip_definitions12doip_payload22entity_status_responseNtB4_20EntityStatusResponseINtNtCscuoSGdwqc8b_4core7convert7TryFromAhj7_E8try_from
FNDA:1,_RNvNtNtNtCskpRalLIZgz5_16doip_definitions12doip_payload22entity_status_response5testss_19test_try_from_bytes
FNDA:1,_RNvNtNtNtCskpRalLIZgz5_16doip_definitions12doip_payload22entity_status_response5testss_27test_from_entity_status_res
FNF:4
FNH:4
DA:31,2
DA:32,2
DA:33,2
DA:34,2
DA:35,2
DA:36,2
DA:37,2
DA:38,2
DA:39,2
DA:40,2
DA:41,2
DA:42,2
DA:43,2
DA:44,2
DA:45,2
DA:46,2
DA:47,2
DA:48,2
DA:49,2
DA:50,2
DA:51,2
DA:52,2
DA:53,2
DA:59,256
DA:60,256
DA:61,256
DA:62,256
DA:63,256
DA:64,256
DA:65,256
DA:66,256
DA:67,256
DA:68,256
DA:70,256
DA:72,3
DA:73,3
DA:74,3
DA:75,3
DA:76,3
DA:77,3
DA:78,3
DA:79,3
DA:80,3
DA:81,3
DA:82,3
DA:83,3
DA:84,3
DA:85,3
DA:86,3
DA:87,256
DA:97,1
DA:98,256
DA:99,255
DA:100,255
DA:101,255
DA:102,1
DA:103,1
DA:104,1
DA:105,1
DA:106,1
DA:107,1
DA:108,1
DA:109,1
DA:110,1
DA:111,1
DA:112,1
DA:113,1
DA:114,1
DA:115,1
DA:116,1
DA:117,1
DA:118,1
DA:119,1
DA:120,253
DA:123,1
DA:126,1
DA:127,1
DA:128,1
DA:129,1
DA:130,1
DA:131,1
DA:132,1
DA:133,1
DA:134,1
DA:135,1
DA:136,1
DA:137,1
BRF:0
BRH:0
LF:87
LH:87
end_of_record
SF:Z:\Software\repos\doip-definitions\src\doip_payload\generic_nack.rs
FN:35,_RNvNtNtNtCskpRalLIZgz5_16doip_definitions12doip_payload12generic_nack5testss_19test_try_from_bytes
FN:76,_RNvNtNtNtCskpRalLIZgz5_16doip_definitions12doip_payload12generic_nack5testss_22test_from_generic_nack
FN:14,_RNvXNtNtCskpRalLIZgz5_16doip_definitions12doip_payload12generic_nackAhj1_INtNtCscuoSGdwqc8b_4core7convert4FromNtB2_11GenericNackE4from
FN:22,_RNvXs_NtNtCskpRalLIZgz5_16doip_definitions12doip_payload12generic_nackNtB4_11GenericNackINtNtCscuoSGdwqc8b_4core7convert7TryFromAhj1_E8try_from
FNDA:1,_RNvNtNtNtCskpRalLIZgz5_16doip_definitions12doip_payload12generic_nack5testss_19test_try_from_bytes
FNDA:1,_RNvNtNtNtCskpRalLIZgz5_16doip_definitions12doip_payload12generic_nack5testss_22test_from_generic_nack
FNDA:2,_RNvXNtNtCskpRalLIZgz5_16doip_definitions12doip_payload12generic_nackAhj1_INtNtCscuoSGdwqc8b_4core7convert4FromNtB2_11GenericNackE4from
FNDA:257,_RNvXs_NtNtCskpRalLIZgz5_16doip_definitions12doip_payload12generic_nackNtB4_11GenericNackINtNtCscuoSGdwqc8b_4core7convert7TryFromAhj1_E8try_from
FNF:4
FNH:4
DA:14,2
DA:15,2
DA:16,2
DA:22,257
DA:23,257
DA:24,7
DA:25,257
DA:35,1
DA:36,256
DA:37,255
DA:38,255
DA:39,255
DA:40,1
DA:41,1
DA:42,1
DA:43,1
DA:44,1
DA:45,1
DA:46,1
DA:47,1
DA:48,1
DA:49,1
DA:50,1
DA:51,1
DA:52,1
DA:53,1
DA:54,1
DA:55,1
DA:56,1
DA:57,1
DA:58,1
DA:59,1
DA:60,1
DA:61,1
DA:62,1
DA:63,1
DA:64,1
DA:65,1
DA:66,1
DA:67,1
DA:68,1
DA:69,1
DA:70,250
DA:73,1
DA:76,1
DA:77,1
DA:78,1
DA:79,1
DA:80,1
DA:81,1
DA:82,1
BRF:0
BRH:0
LF:51
LH:51
end_of_record
SF:Z:\Software\repos\doip-definitions\src\doip_payload\nack_code.rs
FN:50,_RNvNtNtNtCskpRalLIZgz5_16doip_definitions12doip_payload9nack_code5testss_19test_try_from_bytes
FN:66,_RNvNtNtNtCskpRalLIZgz5_16doip_definitions12doip_payload9nack_code5testss_19test_from_nack_code
FN:25,_RNvXNtNtCskpRalLIZgz5_16doip_definitions12doip_payload9nack_codehINtNtCscuoSGdwqc8b_4core7convert4FromNtB2_8NackCodeE4from
FN:33,_RNvXs_NtNtCskpRalLIZgz5_16doip_definitions12doip_payload9nack_codeNtB4_8NackCodeINtNtCscuoSGdwqc8b_4core7convert7TryFromhE8try_from
FNDA:1,_RNvNtNtNtCskpRalLIZgz5_16doip_definitions12doip_payload9nack_code5testss_19test_try_from_bytes
FNDA:1,_RNvNtNtNtCskpRalLIZgz5_16doip_definitions12doip_payload9nack_code5testss_19test_from_nack_code
FNDA:5,_RNvXNtNtCskpRalLIZgz5_16doip_definitions12doip_payload9nack_codehINtNtCscuoSGdwqc8b_4core7convert4FromNtB2_8NackCodeE4from
FNDA:512,_RNvXs_NtNtCskpRalLIZgz5_16doip_definitions12doip_payload9nack_codeNtB4_8NackCodeINtNtCscuoSGdwqc8b_4core7convert7TryFromhE8try_from
FNF:4
FNH:4
DA:25,5
DA:26,5
DA:27,5
DA:33,512
DA:34,512
DA:35,4
DA:36,2
DA:37,2
DA:38,2
DA:39,2
DA:40,500
DA:42,512
DA:50,1
DA:51,256
DA:52,255
DA:53,255
DA:54,255
DA:55,1
DA:56,1
DA:57,1
DA:58,1
DA:59,1
DA:60,250
DA:63,1
DA:66,1
DA:67,1
DA:68,1
DA:69,1
DA:70,1
DA:71,1
DA:72,1
DA:73,1
DA:74,1
DA:75,1
DA:76,1
DA:77,1
BRF:0
BRH:0
LF:36
LH:36
end_of_record
SF:Z:\Software\repos\doip-definitions\src\doip_payload\node_type.rs
FN:16,_RNvXNtNtCskpRalLIZgz5_16doip_definitions12doip_payload9node_typehINtNtCscuoSGdwqc8b_4core7convert4FromNtB2_8NodeTypeE4from
FN:24,_RNvXs_NtNtCskpRalLIZgz5_16doip_definitions12doip_payload9node_typeNtB4_8NodeTypeINtNtCscuoSGdwqc8b_4core7convert7TryFromhE8try_from
FNDA:2,_RNvXNtNtCskpRalLIZgz5_16doip_definitions12doip_payload9node_typehINtNtCscuoSGdwqc8b_4core7convert4FromNtB2_8NodeTypeE4from
FNDA:256,_RNvXs_NtNtCskpRalLIZgz5_16doip_definitions12doip_payload9node_typeNtB4_8NodeTypeINtNtCscuoSGdwqc8b_4core7convert7TryFromhE8try_from
FNF:2
FNH:2
DA:16,2
DA:17,2
DA:18,2
DA:24,256
DA:25,256
DA:26,2
DA:27,1
DA:28,253
DA:30,256
BRF:0
BRH:0
LF:9
LH:9
end_of_record
SF:Z:\Software\repos\doip-definitions\src\doip_payload\power_information_request.rs
FN:6,_RNvXNtNtCskpRalLIZgz5_16doip_definitions12doip_payload25power_information_requestAhj0_INtNtCscuoSGdwqc8b_4core7convert4FromNtB2_23PowerInformationRequestE4from
FN:13,_RNvXs_NtNtCskpRalLIZgz5_16doip_definitions12doip_payload25power_information_requestNtB4_23PowerInformationRequestINtNtCscuoSGdwqc8b_4core7convert4FromAhj0_E4from
FN:25,_RNvNtNtNtCskpRalLIZgz5_16doip_definitions12doip_payload25power_information_request5testss_15test_from_bytes
FN:31,_RNvNtNtNtCskpRalLIZgz5_16doip_definitions12doip_payload25power_information_request5testss_24test_from_power_info_req
FNDA:2,_RNvXNtNtCskpRalLIZgz5_16doip_definitions12doip_payload25power_information_requestAhj0_INtNtCscuoSGdwqc8b_4core7convert4FromNtB2_23PowerInformationRequestE4from
FNDA:2,_RNvXs_NtNtCskpRalLIZgz5_16doip_definitions12doip_payload25power_information_requestNtB4_23PowerInformationRequestINtNtCscuoSGdwqc8b_4core7convert4FromAhj0_E4from
FNDA:1,_RNvNtNtNtCskpRalLIZgz5_16doip_definitions12doip_payload25power_information_request5testss_15test_from_bytes
FNDA:1,_RNvNtNtNtCskpRalLIZgz5_16doip_definitions12doip_payload25power_information_request5testss_24test_from_power_info_req
FNF:4
FNH:4
DA:6,2
DA:7,2
DA:8,2
DA:9,2
DA:13,2
DA:14,2
DA:15,2
DA:16,2
DA:17,2
DA:25,1
DA:26,1
DA:27,1
DA:28,1
DA:29,1
DA:31,1
DA:32,1
DA:33,1
DA:34,1
BRF:0
BRH:0
LF:18
LH:18
end_of_record
SF:Z:\Software\repos\doip-definitions\src\doip_payload\power_information_response.rs
FN:15,_RNvXNtNtCskpRalLIZgz5_16doip_definitions12doip_payload26power_information_responseAhj1_INtNtCscuoSGdwqc8b_4core7convert4FromNtB2_24PowerInformationResponseE4from
FN:23,_RNvXs_NtNtCskpRalLIZgz5_16doip_definitions12doip_payload26power_information_responseNtB4_24PowerInformationResponseINtNtCscuoSGdwqc8b_4core7convert7TryFromAhj1_E8try_from
FN:36,_RNvNtNtNtCskpRalLIZgz5_16doip_definitions12doip_payload26power_information_response5testss_19test_try_from_bytes
FN:65,_RNvNtNtNtCskpRalLIZgz5_16doip_definitions12doip_payload26power_information_response5testss_24test_from_power_info_res
FNDA:2,_RNvXNtNtCskpRalLIZgz5_16doip_definitions12doip_payload26power_information_responseAhj1_INtNtCscuoSGdwqc8b_4core7convert4FromNtB2_24PowerInformationResponseE4from
FNDA:256,_RNvXs_NtNtCskpRalLIZgz5_16doip_definitions12doip_payload26power_information_responseNtB4_24PowerInformationResponseINtNtCscuoSGdwqc8b_4core7convert7TryFromAhj1_E8try_from
FNDA:1,_RNvNtNtNtCskpRalLIZgz5_16doip_definitions12doip_payload26power_information_response5testss_19test_try_from_bytes
FNDA:1,_RNvNtNtNtCskpRalLIZgz5_16doip_definitions12doip_payload26power_information_response5testss_24test_from_power_info_res
FNF:4
FNH:4
DA:15,2
DA:16,2
DA:17,2
DA:23,256
DA:24,256
DA:25,4
DA:26,256
DA:36,1
DA:37,256
DA:38,255
DA:39,255
DA:40,255
DA:41,1
DA:42,1
DA:43,1
DA:44,1
DA:45,1
DA:46,1
DA:47,1
DA:48,1
DA:49,1
DA:50,1
DA:51,1
DA:52,1
DA:53,1
DA:54,1
DA:55,1
DA:56,1
DA:57,1
DA:58,1
DA:59,252
DA:62,1
DA:65,1
DA:66,1
DA:67,1
DA:68,1
DA:69,1
DA:70,1
DA:71,1
DA:72,1
BRF:0
BRH:0
LF:40
LH:40
end_of_record
SF:Z:\Software\repos\doip-definitions\src\doip_payload\power_mode.rs
FN:16,_RNvXNtNtCskpRalLIZgz5_16doip_definitions12doip_payload10power_modehINtNtCscuoSGdwqc8b_4core7convert4FromNtB2_9PowerModeE4from
FN:24,_RNvXs_NtNtCskpRalLIZgz5_16doip_definitions12doip_payload10power_modeNtB4_9PowerModeINtNtCscuoSGdwqc8b_4core7convert7TryFromhE8try_from
FN:39,_RNvNtNtNtCskpRalLIZgz5_16doip_definitions12doip_payload10power_mode5testss_19test_try_from_bytes
FN:53,_RNvNtNtNtCskpRalLIZgz5_16doip_definitions12doip_payload10power_mode5testss_19test_from_nack_code
FNDA:3,_RNvXNtNtCskpRalLIZgz5_16doip_definitions12doip_payload10power_modehINtNtCscuoSGdwqc8b_4core7convert4FromNtB2_9PowerModeE4from
FNDA:511,_RNvXs_NtNtCskpRalLIZgz5_16doip_definitions12doip_payload10power_modeNtB4_9PowerModeINtNtCscuoSGdwqc8b_4core7convert7TryFromhE8try_from
FNDA:1,_RNvNtNtNtCskpRalLIZgz5_16doip_definitions12doip_payload10power_mode5testss_19test_try_from_bytes
FNDA:1,_RNvNtNtNtCskpRalLIZgz5_16doip_definitions12doip_payload10power_mode5testss_19test_from_nack_code
FNF:4
FNH:4
DA:16,3
DA:17,3
DA:18,3
DA:24,511
DA:25,511
DA:26,2
DA:27,3
DA:28,2
DA:29,504
DA:31,511
DA:39,1
DA:40,256
DA:41,255
DA:42,255
DA:43,255
DA:44,1
DA:45,1
DA:46,1
DA:47,252
DA:50,1
DA:53,1
DA:54,1
DA:55,1
DA:56,1
DA:57,1
DA:58,1
DA:59,1
DA:60,1
BRF:0
BRH:0
LF:28
LH:28
end_of_record
SF:Z:\Software\repos\doip-definitions\src\doip_payload\routing_activation_request.rs
FN:26,_RNvXNtNtCskpRalLIZgz5_16doip_definitions12doip_payload26routing_activation_requestAhj7_INtNtCscuoSGdwqc8b_4core7convert4FromNtB2_24RoutingActivationRequestE4from
FN:50,_RNvXs_NtNtCskpRalLIZgz5_16doip_definitions12doip_payload26routing_activation_requestNtB4_24RoutingActivationRequestINtNtCscuoSGdwqc8b_4core7convert7TryFromAhj7_E8try_from
FN:78,_RNvNtNtNtCskpRalLIZgz5_16doip_definitions12doip_payload26routing_activation_request5testss_19test_try_from_bytes
FN:114,_RNvNtNtNtCskpRalLIZgz5_16doip_definitions12doip_payload26routing_activation_request5testss_38test_from_from_routing_activiation_req
FNDA:3,_RNvXNtNtCskpRalLIZgz5_16doip_definitions12doip_payload26routing_activation_requestAhj7_INtNtCscuoSGdwqc8b_4core7convert4FromNtB2_24RoutingActivationRequestE4from
FNDA:258,_RNvXs_NtNtCskpRalLIZgz5_16doip_definitions12doip_payload26routing_activation_requestNtB4_24RoutingActivationRequestINtNtCscuoSGdwqc8b_4core7convert7TryFromAhj7_E8try_from
FNDA:1,_RNvNtNtNtCskpRalLIZgz5_16doip_definitions12doip_payload26routing_activation_request5testss_19test_try_from_bytes
FNDA:1,_RNvNtNtNtCskpRalLIZgz5_16doip_definitions12doip_payload26routing_activation_request5testss_38test_from_from_routing_activiation_req
FNF:4
FNH:4
DA:26,3
DA:27,3
DA:28,3
DA:29,3
DA:30,3
DA:31,3
DA:32,3
DA:33,3
DA:34,3
DA:35,3
DA:36,3
DA:37,3
DA:38,3
DA:39,3
DA:40,3
DA:41,3
DA:42,3
DA:43,3
DA:44,3
DA:50,258
DA:51,258
DA:52,258
DA:53,258
DA:54,258
DA:55,258
DA:56,258
DA:58,258
DA:60,5
DA:61,5
DA:62,5
DA:63,5
DA:64,5
DA:65,5
DA:66,5
DA:67,5
DA:68,258
DA:78,1
DA:79,257
DA:80,256
DA:81,256
DA:82,256
DA:83,256
DA:84,1
DA:85,1
DA:86,1
DA:87,1
DA:88,1
DA:89,1
DA:90,1
DA:91,1
DA:92,1
DA:93,1
DA:94,1
DA:95,1
DA:96,1
DA:97,1
DA:98,1
DA:99,1
DA:100,1
DA:101,1
DA:102,1
DA:103,1
DA:104,1
DA:105,1
DA:106,1
DA:107,1
DA:108,253
DA:111,1
DA:114,1
DA:115,1
DA:116,1
DA:117,1
DA:118,1
DA:119,1
DA:120,1
DA:121,1
DA:122,1
DA:123,1
DA:124,1
DA:125,1
DA:126,1
DA:127,1
BRF:0
BRH:0
LF:82
LH:82
end_of_record
SF:Z:\Software\repos\doip-definitions\src\doip_payload\routing_activation_response.rs
FN:91,_RNvNtNtNtCskpRalLIZgz5_16doip_definitions12doip_payload27routing_activation_response5testss_19test_try_from_bytes
FN:286,_RNvNtNtNtCskpRalLIZgz5_16doip_definitions12doip_payload27routing_activation_response5testss_32test_from_routing_activation_res
FN:29,_RNvXNtNtCskpRalLIZgz5_16doip_definitions12doip_payload27routing_activation_responseAhj9_INtNtCscuoSGdwqc8b_4core7convert4FromNtB2_25RoutingActivationResponseE4from
FN:58,_RNvXs_NtNtCskpRalLIZgz5_16doip_definitions12doip_payload27routing_activation_responseNtB4_25RoutingActivationResponseINtNtCscuoSGdwqc8b_4core7convert7TryFromAhj9_E8try_from
FNDA:1,_RNvNtNtNtCskpRalLIZgz5_16doip_definitions12doip_payload27routing_activation_response5testss_19test_try_from_bytes
FNDA:1,_RNvNtNtNtCskpRalLIZgz5_16doip_definitions12doip_payload27routing_activation_response5testss_32test_from_routing_activation_res
FNDA:2,_RNvXNtNtCskpRalLIZgz5_16doip_definitions12doip_payload27routing_activation_responseAhj9_INtNtCscuoSGdwqc8b_4core7convert4FromNtB2_25RoutingActivationResponseE4from
FNDA:257,_RNvXs_NtNtCskpRalLIZgz5_16doip_definitions12doip_payload27routing_activation_responseNtB4_25RoutingActivationResponseINtNtCscuoSGdwqc8b_4core7convert7TryFromAhj9_E8try_from
FNF:4
FNH:4
DA:29,2
DA:30,2
DA:31,2
DA:32,2
DA:33,2
DA:34,2
DA:35,2
DA:36,2
DA:37,2
DA:38,2
DA:39,2
DA:40,2
DA:41,2
DA:42,2
DA:43,2
DA:44,2
DA:45,2
DA:46,2
DA:47,2
DA:48,2
DA:49,2
DA:50,2
DA:51,2
DA:52,2
DA:58,257
DA:59,257
DA:60,257
DA:61,257
DA:62,257
DA:63,257
DA:64,257
DA:65,257
DA:66,257
DA:67,257
DA:68,257
DA:70,257
DA:72,19
DA:73,19
DA:74,19
DA:75,19
DA:76,19
DA:77,19
DA:78,19
DA:79,19
DA:80,19
DA:81,257
DA:91,1
DA:92,257
DA:93,256
DA:94,256
DA:95,256
DA:96,256
DA:97,256
DA:98,1
DA:99,1
DA:100,1
DA:101,1
DA:102,1
DA:103,1
DA:104,1
DA:105,1
DA:106,1
DA:108,1
DA:109,1
DA:110,1
DA:111,1
DA:112,1
DA:113,1
DA:114,1
DA:115,1
DA:116,1
DA:118,1
DA:119,1
DA:120,1
DA:121,1
DA:122,1
DA:123,1
DA:124,1
DA:125,1
DA:126,1
DA:127,1
DA:128,1
DA:129,1
DA:130,1
DA:131,1
DA:132,1
DA:133,1
DA:134,1
DA:135,1
DA:136,1
DA:137,1
DA:138,1
DA:139,1
DA:140,1
DA:141,1
DA:142,1
DA:143,1
DA:144,1
DA:145,1
DA:146,1
DA:147,1
DA:148,1
DA:149,1
DA:150,1
DA:151,1
DA:152,1
DA:153,1
DA:154,1
DA:155,1
DA:156,1
DA:157,1
DA:158,1
DA:159,1
DA:160,1
DA:161,1
DA:162,1
DA:163,1
DA:164,1
DA:165,1
DA:166,1
DA:167,1
DA:168,1
DA:169,1
DA:170,1
DA:171,1
DA:173,1
DA:174,1
DA:175,1
DA:176,1
DA:177,1
DA:178,1
DA:179,1
DA:180,1
DA:181,1
DA:184,1
DA:185,1
DA:186,1
DA:187,1
DA:188,1
DA:189,1
DA:190,1
DA:191,1
DA:192,1
DA:195,1
DA:196,1
DA:197,1
DA:198,1
DA:199,1
DA:200,1
DA:201,1
DA:202,1
DA:203,1
DA:206,1
DA:207,1
DA:208,1
DA:209,1
DA:210,1
DA:211,1
DA:212,1
DA:213,1
DA:214,1
DA:217,1
DA:218,1
DA:219,1
DA:220,1
DA:221,1
DA:222,1
DA:223,1
DA:224,1
DA:225,1
DA:228,1
DA:229,1
DA:230,1
DA:231,1
DA:232,1
DA:233,1
DA:234,1
DA:235,1
DA:236,1
DA:239,1
DA:240,1
DA:241,1
DA:242,1
DA:243,1
DA:244,1
DA:245,1
DA:246,1
DA:247,1
DA:250,1
DA:251,1
DA:252,1
DA:253,1
DA:254,1
DA:255,1
DA:256,1
DA:257,1
DA:258,1
DA:261,1
DA:262,1
DA:263,1
DA:264,1
DA:265,1
DA:266,1
DA:267,1
DA:268,1
DA:269,1
DA:271,1
DA:272,1
DA:273,1
DA:274,1
DA:275,1
DA:276,1
DA:277,1
DA:278,1
DA:279,1
DA:280,238
DA:283,1
DA:286,1
DA:287,1
DA:288,1
DA:289,1
DA:290,1
DA:291,1
DA:292,1
DA:293,1
DA:294,1
DA:295,1
DA:296,1
DA:297,1
DA:298,1
DA:299,1
DA:300,1
BRF:0
BRH:0
LF:232
LH:232
end_of_record
SF:Z:\Software\repos\doip-definitions\src\doip_payload\sync_status.rs
FN:60,_RNvXNtNtCskpRalLIZgz5_16doip_definitions12doip_payload11sync_statushINtNtCscuoSGdwqc8b_4core7convert4FromNtB2_10SyncStatusE4from
FN:68,_RNvXs_NtNtCskpRalLIZgz5_16doip_definitions12doip_payload11sync_statusNtB4_10SyncStatusINtNtCscuoSGdwqc8b_4core7convert7TryFromhE8try_from
FN:97,_RNvNtNtNtCskpRalLIZgz5_16doip_definitions12doip_payload11sync_status5testss_19test_try_from_bytes
FN:125,_RNvNtNtNtCskpRalLIZgz5_16doip_definitions12doip_payload11sync_status5testss_21test_from_action_code
FNDA:19,_RNvXNtNtCskpRalLIZgz5_16doip_definitions12doip_payload11sync_statushINtNtCscuoSGdwqc8b_4core7convert4FromNtB2_10SyncStatusE4from
FNDA:4898,_RNvXs_NtNtCskpRalLIZgz5_16doip_definitions12doip_payload11sync_statusNtB4_10SyncStatusINtNtCscuoSGdwqc8b_4core7convert7TryFromhE8try_from
FNDA:1,_RNvNtNtNtCskpRalLIZgz5_16doip_definitions12doip_payload11sync_status5testss_19test_try_from_bytes
FNDA:1,_RNvNtNtNtCskpRalLIZgz5_16doip_definitions12doip_payload11sync_status5testss_21test_from_action_code
FNF:4
FNH:4
DA:60,19
DA:61,19
DA:62,19
DA:68,4898
DA:69,4898
DA:70,37
DA:71,35
DA:72,35
DA:73,35
DA:74,35
DA:75,35
DA:76,35
DA:77,35
DA:78,35
DA:79,35
DA:80,35
DA:81,35
DA:82,35
DA:83,35
DA:84,35
DA:85,35
DA:86,35
DA:87,4301
DA:89,4898
DA:97,1
DA:98,256
DA:99,255
DA:100,255
DA:101,255
DA:102,1
DA:103,1
DA:104,1
DA:105,1
DA:106,1
DA:107,1
DA:108,1
DA:109,1
DA:110,1
DA:111,1
DA:112,1
DA:113,1
DA:114,1
DA:115,1
DA:116,1
DA:117,1
DA:118,1
DA:119,238
DA:122,1
DA:125,1
DA:126,1
DA:127,1
DA:128,1
DA:129,1
DA:130,1
DA:131,1
DA:132,1
DA:133,1
DA:134,1
DA:135,1
DA:136,1
DA:137,1
DA:138,1
DA:139,1
DA:140,1
DA:141,1
DA:142,1
DA:143,1
DA:144,1
DA:145,1
DA:146,1
DA:147,1
DA:148,1
DA:149,1
DA:150,1
DA:151,1
DA:152,1
DA:153,1
DA:154,1
DA:155,1
DA:156,1
DA:157,1
DA:158,1
DA:159,1
DA:160,1
BRF:0
BRH:0
LF:84
LH:84
end_of_record
SF:Z:\Software\repos\doip-definitions\src\doip_payload\vehicle_announcement_message.rs
FN:187,_RNvNtNtNtCskpRalLIZgz5_16doip_definitions12doip_payload28vehicle_announcement_message5testss_24test_try_from_bytes_long
FN:223,_RNvNtNtNtCskpRalLIZgz5_16doip_definitions12doip_payload28vehicle_announcement_message5testss_25test_try_from_bytes_short
FN:255,_RNvNtNtNtCskpRalLIZgz5_16doip_definitions12doip_payload28vehicle_announcement_message5testss_44test_from_vehicle_announcement_msg_long_sync
FN:278,_RNvNtNtNtCskpRalLIZgz5_16doip_definitions12doip_payload28vehicle_announcement_message5testss_47test_from_vehicle_announcement_msg_long_no_sync
FN:301,_RNvNtNtNtCskpRalLIZgz5_16doip_definitions12doip_payload28vehicle_announcement_message5testss_45test_from_vehicle_announcement_msg_short_sync
FN:327,_RNvNtNtNtCskpRalLIZgz5_16doip_definitions12doip_payload28vehicle_announcement_message5testss_48test_from_vehicle_announcement_msg_short_no_sync
FN:37,_RNvXNtNtCskpRalLIZgz5_16doip_definitions12doip_payload28vehicle_announcement_messageAhj21_INtNtCscuoSGdwqc8b_4core7convert4FromNtB2_26VehicleAnnouncementMessageE4from
FN:74,_RNvXs_NtNtCskpRalLIZgz5_16doip_definitions12doip_payload28vehicle_announcement_messageAhj20_INtNtCscuoSGdwqc8b_4core7convert4FromNtB4_26VehicleAnnouncementMessageE4from
FN:105,_RNvXs0_NtNtCskpRalLIZgz5_16doip_definitions12doip_payload28vehicle_announcement_messageNtB5_26VehicleAnnouncementMessageINtNtCscuoSGdwqc8b_4core7convert7TryFromAhj21_E8try_from
FN:143,_RNvXs1_NtNtCskpRalLIZgz5_16doip_definitions12doip_payload28vehicle_announcement_messageNtB5_26VehicleAnnouncementMessageINtNtCscuoSGdwqc8b_4core7convert7TryFromAhj20_E8try_from
FNDA:1,_RNvNtNtNtCskpRalLIZgz5_16doip_definitions12doip_payload28vehicle_announcement_message5testss_24test_try_from_bytes_long
FNDA:1,_RNvNtNtNtCskpRalLIZgz5_16doip_definitions12doip_payload28vehicle_announcement_message5testss_25test_try_from_bytes_short
FNDA:1,_RNvNtNtNtCskpRalLIZgz5_16doip_definitions12doip_payload28vehicle_announcement_message5testss_44test_from_vehicle_announcement_msg_long_sync
FNDA:1,_RNvNtNtNtCskpRalLIZgz5_16doip_definitions12doip_payload28vehicle_announcement_message5testss_47test_from_vehicle_announcement_msg_long_no_sync
FNDA:1,_RNvNtNtNtCskpRalLIZgz5_16doip_definitions12doip_payload28vehicle_announcement_message5testss_45test_from_vehicle_announcement_msg_short_sync
FNDA:1,_RNvNtNtNtCskpRalLIZgz5_16doip_definitions12doip_payload28vehicle_announcement_message5testss_48test_from_vehicle_announcement_msg_short_no_sync
FNDA:3,_RNvXNtNtCskpRalLIZgz5_16doip_definitions12doip_payload28vehicle_announcement_messageAhj21_INtNtCscuoSGdwqc8b_4core7convert4FromNtB2_26VehicleAnnouncementMessageE4from
FNDA:3,_RNvXs_NtNtCskpRalLIZgz5_16doip_definitions12doip_payload28vehicle_announcement_messageAhj20_INtNtCscuoSGdwqc8b_4core7convert4FromNtB4_26VehicleAnnouncementMessageE4from
FNDA:65538,_RNvXs0_NtNtCskpRalLIZgz5_16doip_definitions12doip_payload28vehicle_announcement_messageNtB5_26VehicleAnnouncementMessageINtNtCscuoSGdwqc8b_4core7convert7TryFromAhj21_E8try_from
FNDA:258,_RNvXs1_NtNtCskpRalLIZgz5_16doip_definitions12doip_payload28vehicle_announcement_messageNtB5_26VehicleAnnouncementMessageINtNtCscuoSGdwqc8b_4core7convert7TryFromAhj20_E8try_from
FNF:10
FNH:10
DA:37,3
DA:38,3
DA:39,3
DA:40,3
DA:41,3
DA:42,3
DA:44,3
DA:45,2
DA:46,1
DA:49,3
DA:50,3
DA:51,3
DA:52,3
DA:53,3
DA:54,3
DA:55,3
DA:56,3
DA:57,3
DA:58,3
DA:59,3
DA:60,3
DA:61,3
DA:62,3
DA:63,3
DA:64,3
DA:65,3
DA:66,3
DA:67,3
DA:68,3
DA:69,3
DA:70,3
DA:74,3
DA:75,3
DA:76,3
DA:77,3
DA:78,3
DA:79,3
DA:80,3
DA:81,3
DA:82,3
DA:83,3
DA:84,3
DA:85,3
DA:86,3
DA:87,3
DA:88,3
DA:89,3
DA:90,3
DA:91,3
DA:92,3
DA:93,3
DA:94,3
DA:95,3
DA:96,3
DA:97,3
DA:98,3
DA:99,3
DA:105,65538
DA:106,65538
DA:107,65538
DA:108,65538
DA:109,65538
DA:110,65538
DA:111,65538
DA:112,65538
DA:113,65538
DA:114,65538
DA:115,65538
DA:116,65538
DA:117,65538
DA:118,65538
DA:119,65538
DA:120,65538
DA:121,65538
DA:122,65538
DA:123,65538
DA:125,65538
DA:127,4354
DA:129,291
DA:130,291
DA:131,291
DA:132,291
DA:133,291
DA:134,291
DA:135,291
DA:136,291
DA:137,65538
DA:143,258
DA:144,258
DA:145,258
DA:146,258
DA:147,258
DA:148,258
DA:149,258
DA:150,258
DA:151,258
DA:152,258
DA:153,258
DA:154,258
DA:155,258
DA:156,258
DA:157,258
DA:158,258
DA:159,258
DA:160,258
DA:162,258
DA:164,19
DA:165,19
DA:166,19
DA:167,19
DA:168,19
DA:169,19
DA:170,19
DA:171,19
DA:172,19
DA:173,19
DA:174,258
DA:187,1
DA:188,65537
DA:189,65536
DA:190,65536
DA:191,65536
DA:192,65536
DA:193,65536
DA:194,65536
DA:195,65536
DA:196,65536
DA:197,65536
DA:198,65536
DA:199,289
DA:200,289
DA:201,289
DA:202,289
DA:203,289
DA:204,289
DA:205,289
DA:206,289
DA:207,289
DA:208,289
DA:209,289
DA:210,289
DA:211,289
DA:212,61184
DA:213,61184
DA:215,4063
DA:216,4063
DA:220,1
DA:223,1
DA:224,257
DA:225,256
DA:226,256
DA:227,256
DA:228,256
DA:229,256
DA:230,256
DA:231,256
DA:232,256
DA:233,256
DA:234,17
DA:235,17
DA:236,17
DA:237,17
DA:238,17
DA:239,17
DA:240,17
DA:241,17
DA:242,17
DA:243,17
DA:244,17
DA:245,17
DA:246,17
DA:247,239
DA:248,239
DA:252,1
DA:255,1
DA:256,1
DA:257,1
DA:258,1
DA:259,1
DA:260,1
DA:261,1
DA:262,1
DA:263,1
DA:264,1
DA:265,1
DA:266,1
DA:267,1
DA:268,1
DA:269,1
DA:270,1
DA:271,1
DA:272,1
DA:273,1
DA:274,1
DA:275,1
DA:278,1
DA:279,1
DA:280,1
DA:281,1
DA:282,1
DA:283,1
DA:284,1
DA:285,1
DA:286,1
DA:287,1
DA:288,1
DA:289,1
DA:290,1
DA:291,1
DA:292,1
DA:293,1
DA:294,1
DA:295,1
DA:296,1
DA:297,1
DA:298,1
DA:301,1
DA:302,1
DA:303,1
DA:304,1
DA:305,1
DA:306,1
DA:307,1
DA:308,1
DA:309,1
DA:310,1
DA:311,1
DA:312,1
DA:313,1
DA:314,1
DA:315,1
DA:316,1
DA:317,1
DA:318,1
DA:319,1
DA:320,1
DA:321,1
DA:322,1
DA:323,1
DA:324,1
DA:327,1
DA:328,1
DA:329,1
DA:330,1
DA:331,1
DA:332,1
DA:333,1
DA:334,1
DA:335,1
DA:336,1
DA:337,1
DA:338,1
DA:339,1
DA:340,1
DA:341,1
DA:342,1
DA:343,1
DA:344,1
DA:345,1
DA:346,1
DA:347,1
DA:348,1
DA:349,1
DA:350,1
BRF:0
BRH:0
LF:264
LH:264
end_of_record
SF:Z:\Software\repos\doip-definitions\src\doip_payload\vehicle_identification_request.rs
FN:26,_RNvNtNtNtCskpRalLIZgz5_16doip_definitions12doip_payload30vehicle_identification_request5testss_15test_from_bytes
FN:35,_RNvNtNtNtCskpRalLIZgz5_16doip_definitions12doip_payload30vehicle_identification_request5testss_24test_from_vehicle_id_req
FN:7,_RNvXNtNtCskpRalLIZgz5_16doip_definitions12doip_payload30vehicle_identification_requestAhj0_INtNtCscuoSGdwqc8b_4core7convert4FromNtB2_28VehicleIdentificationRequestE4from
FN:14,_RNvXs_NtNtCskpRalLIZgz5_16doip_definitions12doip_payload30vehicle_identification_requestNtB4_28VehicleIdentificationRequestINtNtCscuoSGdwqc8b_4core7convert4FromAhj0_E4from
FNDA:1,_RNvNtNtNtCskpRalLIZgz5_16doip_definitions12doip_payload30vehicle_identification_request5testss_15test_from_bytes
FNDA:1,_RNvNtNtNtCskpRalLIZgz5_16doip_definitions12doip_payload30vehicle_identification_request5testss_24test_from_vehicle_id_req
FNDA:2,_RNvXNtNtCskpRalLIZgz5_16doip_definitions12doip_payload30vehicle_identification_requestAhj0_INtNtCscuoSGdwqc8b_4core7convert4FromNtB2_28VehicleIdentificationRequestE4from
FNDA:3,_RNvXs_NtNtCskpRalLIZgz5_16doip_definitions12doip_payload30vehicle_identification_requestNtB4_28VehicleIdentificationRequestINtNtCscuoSGdwqc8b_4core7convert4FromAhj0_E4from
FNF:4
FNH:4
DA:7,2
DA:8,2
DA:9,2
DA:10,2
DA:14,3
DA:15,3
DA:16,3
DA:17,3
DA:18,3
DA:26,1
DA:27,1
DA:28,1
DA:29,1
DA:30,1
DA:31,1
DA:32,1
DA:33,1
DA:35,1
DA:36,1
DA:37,1
DA:38,1
BRF:0
BRH:0
LF:21
LH:21
end_of_record
SF:Z:\Software\repos\doip-definitions\src\doip_payload\vehicle_identification_request_eid.rs
FN:31,_RNvNtNtNtCskpRalLIZgz5_16doip_definitions12doip_payload34vehicle_identification_request_eid5testss_15test_from_bytes
FN:41,_RNvNtNtNtCskpRalLIZgz5_16doip_definitions12doip_payload34vehicle_identification_request_eid5testss_40test_from_vehicle_identification_req_eid
FN:13,_RNvXNtNtCskpRalLIZgz5_16doip_definitions12doip_payload34vehicle_identification_request_eidAhj6_INtNtCscuoSGdwqc8b_4core7convert4FromNtB2_31VehicleIdentificationRequestEidE4from
FN:19,_RNvXs_NtNtCskpRalLIZgz5_16doip_definitions12doip_payload34vehicle_identification_request_eidNtB4_31VehicleIdentificationRequestEidINtNtCscuoSGdwqc8b_4core7convert4FromAhj6_E4from
FNDA:1,_RNvNtNtNtCskpRalLIZgz5_16doip_definitions12doip_payload34vehicle_identification_request_eid5testss_15test_from_bytes
FNDA:1,_RNvNtNtNtCskpRalLIZgz5_16doip_definitions12doip_payload34vehicle_identification_request_eid5testss_40test_from_vehicle_identification_req_eid
FNDA:257,_RNvXNtNtCskpRalLIZgz5_16doip_definitions12doip_payload34vehicle_identification_request_eidAhj6_INtNtCscuoSGdwqc8b_4core7convert4FromNtB2_31VehicleIdentificationRequestEidE4from
FNDA:258,_RNvXs_NtNtCskpRalLIZgz5_16doip_definitions12doip_payload34vehicle_identification_request_eidNtB4_31VehicleIdentificationRequestEidINtNtCscuoSGdwqc8b_4core7convert4FromAhj6_E4from
FNF:4
FNH:4
DA:13,257
DA:14,257
DA:15,257
DA:19,258
DA:20,258
DA:21,258
DA:31,1
DA:32,257
DA:33,256
DA:34,256
DA:35,256
DA:36,256
DA:38,1
DA:41,1
DA:42,257
DA:43,256
DA:44,256
DA:45,256
DA:46,256
DA:47,256
DA:48,256
DA:49,256
DA:51,1
BRF:0
BRH:0
LF:23
LH:23
end_of_record
SF:Z:\Software\repos\doip-definitions\src\doip_payload\vehicle_identification_request_vin.rs
FN:31,_RNvNtNtNtCskpRalLIZgz5_16doip_definitions12doip_payload34vehicle_identification_request_vin5testss_15test_from_bytes
FN:42,_RNvNtNtNtCskpRalLIZgz5_16doip_definitions12doip_payload34vehicle_identification_request_vin5testss_40test_from_vehicle_identification_req_vin
FN:13,_RNvXNtNtCskpRalLIZgz5_16doip_definitions12doip_payload34vehicle_identification_request_vinAhj11_INtNtCscuoSGdwqc8b_4core7convert4FromNtB2_31VehicleIdentificationRequestVinE4from
FN:19,_RNvXs_NtNtCskpRalLIZgz5_16doip_definitions12doip_payload34vehicle_identification_request_vinNtB4_31VehicleIdentificationRequestVinINtNtCscuoSGdwqc8b_4core7convert4FromAhj11_E4from
FNDA:1,_RNvNtNtNtCskpRalLIZgz5_16doip_definitions12doip_payload34vehicle_identification_request_vin5testss_15test_from_bytes
FNDA:1,_RNvNtNtNtCskpRalLIZgz5_16doip_definitions12doip_payload34vehicle_identification_request_vin5testss_40test_from_vehicle_identification_req_vin
FNDA:257,_RNvXNtNtCskpRalLIZgz5_16doip_definitions12doip_payload34vehicle_identification_request_vinAhj11_INtNtCscuoSGdwqc8b_4core7convert4FromNtB2_31VehicleIdentificationRequestVinE4from
FNDA:258,_RNvXs_NtNtCskpRalLIZgz5_16doip_definitions12doip_payload34vehicle_identification_request_vinNtB4_31VehicleIdentificationRequestVinINtNtCscuoSGdwqc8b_4core7convert4FromAhj11_E4from
FNF:4
FNH:4
DA:13,257
DA:14,257
DA:15,257
DA:19,258
DA:20,258
DA:21,258
DA:31,1
DA:32,257
DA:33,256
DA:34,256
DA:35,256
DA:36,256
DA:37,256
DA:39,1
DA:42,1
DA:43,257
DA:44,256
DA:45,256
DA:46,256
DA:47,256
DA:48,256
DA:49,256
DA:50,256
DA:51,256
DA:53,1
BRF:0
BRH:0
LF:25
LH:25
end_of_record
SF:Z:\Software\repos\doip-definitions\src\lib.rs
FN:114,_RNvXINICskpRalLIZgz5_16doip_definitions0KpEAhpINtNtCscuoSGdwqc8b_4core7convert7TryFromNtB5_11DoipMessageE8try_fromB5_
FN:237,_RNvXs_CskpRalLIZgz5_16doip_definitionsNtB4_11DoipMessageINtNtCscuoSGdwqc8b_4core7convert7TryFromRShE8try_from
FN:242,_RNCNvXs_CskpRalLIZgz5_16doip_definitionsNtB6_11DoipMessageINtNtCscuoSGdwqc8b_4core7convert7TryFromRShE8try_from0B6_
FNDA:0,_RNvXINICskpRalLIZgz5_16doip_definitions0KpEAhpINtNtCscuoSGdwqc8b_4core7convert7TryFromNtB5_11DoipMessageE8try_fromB5_
FNDA:0,_RNvXs_CskpRalLIZgz5_16doip_definitionsNtB4_11DoipMessageINtNtCscuoSGdwqc8b_4core7convert7TryFromRShE8try_from
FNDA:0,_RNCNvXs_CskpRalLIZgz5_16doip_definitionsNtB6_11DoipMessageINtNtCscuoSGdwqc8b_4core7convert7TryFromRShE8try_from0B6_
FNF:3
FNH:0
DA:114,0
DA:115,0
DA:116,0
DA:117,0
DA:118,0
DA:119,0
DA:120,0
DA:121,0
DA:122,0
DA:123,0
DA:124,0
DA:125,0
DA:126,0
DA:127,0
DA:128,0
DA:129,0
DA:131,0
DA:132,0
DA:133,0
DA:134,0
DA:135,0
DA:137,0
DA:138,0
DA:139,0
DA:140,0
DA:141,0
DA:143,0
DA:144,0
DA:145,0
DA:146,0
DA:147,0
DA:149,0
DA:150,0
DA:151,0
DA:152,0
DA:153,0
DA:154,0
DA:156,0
DA:157,0
DA:158,0
DA:159,0
DA:160,0
DA:161,0
DA:163,0
DA:164,0
DA:165,0
DA:166,0
DA:167,0
DA:168,0
DA:170,0
DA:171,0
DA:172,0
DA:173,0
DA:174,0
DA:176,0
DA:177,0
DA:178,0
DA:179,0
DA:180,0
DA:182,0
DA:183,0
DA:184,0
DA:185,0
DA:186,0
DA:188,0
DA:189,0
DA:190,0
DA:191,0
DA:192,0
DA:194,0
DA:195,0
DA:196,0
DA:197,0
DA:198,0
DA:200,0
DA:201,0
DA:202,0
DA:203,0
DA:204,0
DA:206,0
DA:207,0
DA:208,0
DA:209,0
DA:210,0
DA:212,0
DA:213,0
DA:214,0
DA:215,0
DA:216,0
DA:217,0
DA:218,0
DA:219,0
DA:221,0
DA:222,0
DA:223,0
DA:224,0
DA:225,0
DA:226,0
DA:227,0
DA:228,0
DA:231,0
DA:237,0
DA:238,0
DA:240,0
DA:241,0
DA:242,0
DA:244,0
DA:246,0
DA:248,0
DA:250,0
DA:251,0
BRF:0
BRH:0
LF:112
LH:0
end_of_record